<?xml version="1.0" encoding="UTF-8"?>
<robot generator="Robot 6.1.1 (Python 3.11.4 on win32)" generated="20231015 16:20:27.031" rpa="false" schemaversion="4">
<suite id="s1" name="Jimms" source="c:\Users\Minh Tuan\Documents\GitHub\softwareTestingGroup4\jimms.robot">
<test id="s1-t1" name="Open website and Click Link" line="9">
<kw name="Open Browser" library="SeleniumLibrary">
<arg>${BASE URL}</arg>
<arg>chrome</arg>
<arg>options=add_experimental_option("detach", True)</arg>
<doc>Opens a new browser instance to the optional ``url``.</doc>
<msg timestamp="20231015 16:20:27.396" level="INFO">Opening browser 'chrome' to base url 'https://www.jimms.fi'.</msg>
<status status="PASS" starttime="20231015 16:20:27.395" endtime="20231015 16:20:33.933"/>
</kw>
<kw name="Maximize Browser Window" library="SeleniumLibrary">
<doc>Maximizes current browser window.</doc>
<status status="PASS" starttime="20231015 16:20:33.934" endtime="20231015 16:20:34.412"/>
</kw>
<status status="PASS" starttime="20231015 16:20:27.394" endtime="20231015 16:20:34.414"/>
</test>
<test id="s1-t2" name="5 Add the items into the shopping basket and check" line="16">
<kw name="Sleep" library="BuiltIn">
<arg>1</arg>
<doc>Pauses the test executed for the given time.</doc>
<msg timestamp="20231015 16:20:35.418" level="INFO">Slept 1 second</msg>
<status status="PASS" starttime="20231015 16:20:34.417" endtime="20231015 16:20:35.418"/>
</kw>
<kw name="Run Keyword And Ignore Error" library="BuiltIn">
<arg>Scroll Element Into View</arg>
<arg>xpath:/html/body/main/div[4]/section[1]/div/ul</arg>
<doc>Runs the given keyword with the given arguments and ignores possible error.</doc>
<kw name="Scroll Element Into View" library="SeleniumLibrary">
<arg>xpath:/html/body/main/div[4]/section[1]/div/ul</arg>
<doc>Scrolls the element identified by ``locator`` into view.</doc>
<msg timestamp="20231015 16:20:36.129" level="INFO" html="true">&lt;/td&gt;&lt;/tr&gt;&lt;tr&gt;&lt;td colspan="3"&gt;&lt;a href="selenium-screenshot-1.png"&gt;&lt;img src="selenium-screenshot-1.png" width="800px"&gt;&lt;/a&gt;</msg>
<msg timestamp="20231015 16:20:36.129" level="FAIL">MoveTargetOutOfBoundsException: Message: move target out of bounds
  (Session info: chrome=118.0.5993.71)
Stacktrace:
	GetHandleVerifier [0x00007FF6D6108EF2+54786]
	(No symbol) [0x00007FF6D6075612]
	(No symbol) [0x00007FF6D5F2A4FD]
	(No symbol) [0x00007FF6D5FAD375]
	(No symbol) [0x00007FF6D5F8BE6A]
	(No symbol) [0x00007FF6D5FA4D02]
	(No symbol) [0x00007FF6D5F8BC43]
	(No symbol) [0x00007FF6D5F60941]
	(No symbol) [0x00007FF6D5F61B84]
	GetHandleVerifier [0x00007FF6D6457F52+3524194]
	GetHandleVerifier [0x00007FF6D64AD800+3874576]
	GetHandleVerifier [0x00007FF6D64A5D7F+3843215]
	GetHandleVerifier [0x00007FF6D61A5086+694166]
	(No symbol) [0x00007FF6D6080A88]
	(No symbol) [0x00007FF6D607CA94]
	(No symbol) [0x00007FF6D607CBC2]
	(No symbol) [0x00007FF6D606CC83]
	BaseThreadInitThunk [0x00007FFB93C57344+20]
	RtlUserThreadStart [0x00007FFB94F026B1+33]
</msg>
<status status="FAIL" starttime="20231015 16:20:35.420" endtime="20231015 16:20:36.138"/>
</kw>
<status status="PASS" starttime="20231015 16:20:35.419" endtime="20231015 16:20:36.138"/>
</kw>
<kw name="Wait Until Element Is Visible" library="SeleniumLibrary">
<arg>xpath://*[@id="fp-suggestions-carousel1-slide01"]/div/product-box/div[2]/div[3]/addto-cart-wrapper/div/a</arg>
<doc>Waits until the element ``locator`` is visible.</doc>
<status status="PASS" starttime="20231015 16:20:36.139" endtime="20231015 16:20:36.187"/>
</kw>
<kw name="Click Element" library="SeleniumLibrary">
<arg>xpath://*[@id="fp-suggestions-carousel1-slide01"]/div/product-box/div[2]/div[3]/addto-cart-wrapper/div/a</arg>
<doc>Click the element identified by ``locator``.</doc>
<msg timestamp="20231015 16:20:36.189" level="INFO">Clicking element 'xpath://*[@id="fp-suggestions-carousel1-slide01"]/div/product-box/div[2]/div[3]/addto-cart-wrapper/div/a'.</msg>
<status status="PASS" starttime="20231015 16:20:36.188" endtime="20231015 16:20:36.289"/>
</kw>
<kw name="Sleep" library="BuiltIn">
<arg>2</arg>
<doc>Pauses the test executed for the given time.</doc>
<msg timestamp="20231015 16:20:38.294" level="INFO">Slept 2 seconds</msg>
<status status="PASS" starttime="20231015 16:20:36.293" endtime="20231015 16:20:38.294"/>
</kw>
<kw name="Click Element" library="SeleniumLibrary">
<arg>xpath=/html/body/main/div[4]/section[1]/div[2]/ul/li[2]/div/product-box/div[2]/div[3]/addto-cart-wrapper/div/a</arg>
<doc>Click the element identified by ``locator``.</doc>
<msg timestamp="20231015 16:20:38.296" level="INFO">Clicking element 'xpath=/html/body/main/div[4]/section[1]/div[2]/ul/li[2]/div/product-box/div[2]/div[3]/addto-cart-wrapper/div/a'.</msg>
<status status="PASS" starttime="20231015 16:20:38.295" endtime="20231015 16:20:38.377"/>
</kw>
<kw name="Sleep" library="BuiltIn">
<arg>2</arg>
<doc>Pauses the test executed for the given time.</doc>
<msg timestamp="20231015 16:20:40.380" level="INFO">Slept 2 seconds</msg>
<status status="PASS" starttime="20231015 16:20:38.378" endtime="20231015 16:20:40.380"/>
</kw>
<kw name="Click Element" library="SeleniumLibrary">
<arg>xpath=/html/body/header/div/div[3]/jim-cart-dropdown/div/a</arg>
<doc>Click the element identified by ``locator``.</doc>
<msg timestamp="20231015 16:20:40.381" level="INFO">Clicking element 'xpath=/html/body/header/div/div[3]/jim-cart-dropdown/div/a'.</msg>
<status status="PASS" starttime="20231015 16:20:40.381" endtime="20231015 16:20:41.131"/>
</kw>
<kw name="Get Text" library="SeleniumLibrary">
<var>${number_show}</var>
<arg>xpath://*[@id="headercartcontainer"]/a/span/span</arg>
<doc>Returns the text value of the element identified by ``locator``.</doc>
<msg timestamp="20231015 16:20:41.172" level="INFO">${number_show} = 3</msg>
<status status="PASS" starttime="20231015 16:20:41.132" endtime="20231015 16:20:41.172"/>
</kw>
<kw name="Get WebElements" library="SeleniumLibrary">
<var>${elements}</var>
<arg>xpath=//*[@id="jim-main"]/div/div/div/div[1]/article</arg>
<doc>Returns a list of WebElement objects matching the ``locator``.</doc>
<msg timestamp="20231015 16:20:41.195" level="INFO">${elements} = [&lt;selenium.webdriver.remote.webelement.WebElement (session="d8b33f24cb4801d83eda84841635c161", element="75AD82246E4AEE3025A46D3C52C43B7F_element_52")&gt;, &lt;selenium.webdriver.remote.webelement.WebElement...</msg>
<status status="PASS" starttime="20231015 16:20:41.174" endtime="20231015 16:20:41.196"/>
</kw>
<kw name="Get Length" library="BuiltIn">
<var>${element_count}</var>
<arg>${elements}</arg>
<doc>Returns and logs the length of the given item as an integer.</doc>
<msg timestamp="20231015 16:20:41.197" level="INFO">Length is 2</msg>
<msg timestamp="20231015 16:20:41.197" level="INFO">${element_count} = 2</msg>
<status status="PASS" starttime="20231015 16:20:41.196" endtime="20231015 16:20:41.198"/>
</kw>
<kw name="Should Be Equal" library="BuiltIn">
<arg>${element_count}</arg>
<arg>${number_show}</arg>
<doc>Fails if the given objects are unequal.</doc>
<msg timestamp="20231015 16:20:41.200" level="INFO">Argument types are:
&lt;class 'int'&gt;
&lt;class 'str'&gt;</msg>
<msg timestamp="20231015 16:20:41.200" level="FAIL">2 != 3</msg>
<status status="FAIL" starttime="20231015 16:20:41.199" endtime="20231015 16:20:41.205"/>
</kw>
<status status="FAIL" starttime="20231015 16:20:34.415" endtime="20231015 16:20:41.206">2 != 3</status>
</test>
<status status="FAIL" starttime="20231015 16:20:27.040" endtime="20231015 16:20:41.209"/>
</suite>
<statistics>
<total>
<stat pass="1" fail="1" skip="0">All Tests</stat>
</total>
<tag>
</tag>
<suite>
<stat pass="1" fail="1" skip="0" id="s1" name="Jimms">Jimms</stat>
</suite>
</statistics>
<errors>
</errors>
</robot>
