<?xml version="1.0" encoding="UTF-8"?>
<robot generator="Robot 6.1.1 (Python 3.11.4 on win32)" generated="20231015 15:00:49.653" rpa="false" schemaversion="4">
<suite id="s1" name="Group4" source="d:\gitHubq\2023_Software_testing\softwareTestingGroup4\group4.robot">
<test id="s1-t1" name="1.0. Quang Preparations for Tests" line="28">
<kw name="Create Directory" library="OperatingSystem">
<arg>.\\1quangLuongScreenshots</arg>
<doc>Creates the specified directory.</doc>
<msg timestamp="20231015 15:00:50.047" level="INFO" html="true">Directory '&lt;a href="file://D:\gitHubq\2023_Software_testing\softwareTestingGroup4\1quangLuongScreenshots"&gt;D:\gitHubq\2023_Software_testing\softwareTestingGroup4\1quangLuongScreenshots&lt;/a&gt;' already exists.</msg>
<status status="PASS" starttime="20231015 15:00:50.046" endtime="20231015 15:00:50.049"/>
</kw>
<kw name="Set Screenshot Directory" library="SeleniumLibrary">
<arg>.\\1quangLuongScreenshots</arg>
<doc>Sets the directory for captured screenshots.</doc>
<status status="PASS" starttime="20231015 15:00:50.050" endtime="20231015 15:00:50.052"/>
</kw>
<kw name="Create File" library="OperatingSystem">
<arg>./1quangLuong.txt</arg>
<arg>Categories without Landing Page:\n</arg>
<doc>Creates a file with the given content and encoding.</doc>
<msg timestamp="20231015 15:00:50.054" level="INFO" html="true">Created file '&lt;a href="file://D:\gitHubq\2023_Software_testing\softwareTestingGroup4\1quangLuong.txt"&gt;D:\gitHubq\2023_Software_testing\softwareTestingGroup4\1quangLuong.txt&lt;/a&gt;'.</msg>
<status status="PASS" starttime="20231015 15:00:50.053" endtime="20231015 15:00:50.055"/>
</kw>
<status status="PASS" starttime="20231015 15:00:50.044" endtime="20231015 15:00:50.055"/>
</test>
<test id="s1-t2" name="1.1. Mandatory - Quang Check If All Categories Have A Landing Page" line="37">
<kw name="Open Browser" library="SeleniumLibrary">
<arg>${URL}</arg>
<arg>Chrome</arg>
<arg>Chrome</arg>
<arg>options=add_experimental_option("detach", True)</arg>
<doc>Opens a new browser instance to the optional ``url``.</doc>
<msg timestamp="20231015 15:00:50.062" level="INFO">Opening browser 'Chrome' to base url 'https://www.jimms.fi/'.</msg>
<status status="PASS" starttime="20231015 15:00:50.059" endtime="20231015 15:00:53.635"/>
</kw>
<kw name="Maximize Browser Window" library="SeleniumLibrary">
<doc>Maximizes current browser window.</doc>
<status status="PASS" starttime="20231015 15:00:53.637" endtime="20231015 15:00:53.784"/>
</kw>
<for flavor="IN RANGE">
<var>${i}</var>
<value>1</value>
<value>32</value>
<iter>
<var name="${i}">1</var>
<kw name="Set Variable" library="BuiltIn">
<var>${path_1}</var>
<arg>//*[@id="sitemegamenu"]/nav/ul/li[${i}]/a</arg>
<doc>Returns the given values which can then be assigned to a variables.</doc>
<msg timestamp="20231015 15:00:53.788" level="INFO">${path_1} = //*[@id="sitemegamenu"]/nav/ul/li[1]/a</msg>
<status status="PASS" starttime="20231015 15:00:53.787" endtime="20231015 15:00:53.788"/>
</kw>
<kw name="Run Keyword And Return Status" library="BuiltIn">
<var>${element}</var>
<arg>Element Should Be Visible</arg>
<arg>xpath:${path_1}</arg>
<doc>Runs the given keyword with given arguments and returns the status as a Boolean value.</doc>
<kw name="Element Should Be Visible" library="SeleniumLibrary">
<arg>xpath:${path_1}</arg>
<doc>Verifies that the element identified by ``locator`` is visible.</doc>
<msg timestamp="20231015 15:00:53.839" level="INFO">Element 'xpath://*[@id="sitemegamenu"]/nav/ul/li[1]/a' is displayed.</msg>
<status status="PASS" starttime="20231015 15:00:53.791" endtime="20231015 15:00:53.840"/>
</kw>
<msg timestamp="20231015 15:00:53.840" level="INFO">${element} = True</msg>
<status status="PASS" starttime="20231015 15:00:53.789" endtime="20231015 15:00:53.840"/>
</kw>
<if>
<branch type="IF" condition="not ${element}">
<if>
<branch type="IF" condition="${i}&gt;1">
<break>
<status status="NOT RUN" starttime="20231015 15:00:53.842" endtime="20231015 15:00:53.842"/>
</break>
<status status="NOT RUN" starttime="20231015 15:00:53.842" endtime="20231015 15:00:53.843"/>
</branch>
<status status="NOT RUN" starttime="20231015 15:00:53.842" endtime="20231015 15:00:53.843"/>
</if>
<status status="NOT RUN" starttime="20231015 15:00:53.841" endtime="20231015 15:00:53.843"/>
</branch>
<status status="PASS" starttime="20231015 15:00:53.841" endtime="20231015 15:00:53.843"/>
</if>
<kw name="Log" library="BuiltIn">
<arg>'number of cylces: ${i}'</arg>
<doc>Logs the given message with the given level.</doc>
<msg timestamp="20231015 15:00:53.844" level="INFO">'number of cylces: 1'</msg>
<status status="PASS" starttime="20231015 15:00:53.844" endtime="20231015 15:00:53.845"/>
</kw>
<kw name="Run Keyword And Ignore Error" library="BuiltIn">
<arg>Element Should Be Enabled</arg>
<arg>xpath:${path_1}</arg>
<doc>Runs the given keyword with the given arguments and ignores possible error.</doc>
<kw name="Element Should Be Enabled" library="SeleniumLibrary">
<arg>xpath:${path_1}</arg>
<doc>Verifies that element identified by ``locator`` is enabled.</doc>
<status status="PASS" starttime="20231015 15:00:53.846" endtime="20231015 15:00:53.877"/>
</kw>
<status status="PASS" starttime="20231015 15:00:53.845" endtime="20231015 15:00:53.877"/>
</kw>
<kw name="Run Keyword And Ignore Error" library="BuiltIn">
<var>${href_attribute}</var>
<arg>Get Element Attribute</arg>
<arg>xpath:${path_1}</arg>
<arg>href</arg>
<doc>Runs the given keyword with the given arguments and ignores possible error.</doc>
<kw name="Get Element Attribute" library="SeleniumLibrary">
<arg>xpath:${path_1}</arg>
<arg>href</arg>
<doc>Returns the value of ``attribute`` from the element ``locator``.</doc>
<status status="PASS" starttime="20231015 15:00:53.879" endtime="20231015 15:00:53.899"/>
</kw>
<msg timestamp="20231015 15:00:53.900" level="INFO">${href_attribute} = ('PASS', 'https://www.jimms.fi/fi/Product/Tietokoneet')</msg>
<status status="PASS" starttime="20231015 15:00:53.877" endtime="20231015 15:00:53.900"/>
</kw>
<if>
<branch type="IF" condition="${href_attribute} == ('PASS', None)">
<kw name="Get Text" library="SeleniumLibrary">
<var>${category}</var>
<arg>${path_1}</arg>
<doc>Returns the text value of the element identified by ``locator``.</doc>
<status status="NOT RUN" starttime="20231015 15:00:53.901" endtime="20231015 15:00:53.902"/>
</kw>
<kw name="Append To File" library="OperatingSystem">
<arg>./1quangLuong.txt</arg>
<arg>Level 1: ${category}\n</arg>
<doc>Appends the given content to the specified file.</doc>
<status status="NOT RUN" starttime="20231015 15:00:53.902" endtime="20231015 15:00:53.903"/>
</kw>
<status status="NOT RUN" starttime="20231015 15:00:53.901" endtime="20231015 15:00:53.903"/>
</branch>
<branch type="ELSE">
<kw name="Go To" library="SeleniumLibrary">
<arg>${URL}</arg>
<doc>Navigates the current browser window to the provided ``url``.</doc>
<msg timestamp="20231015 15:00:53.904" level="INFO">Opening url 'https://www.jimms.fi/'</msg>
<status status="PASS" starttime="20231015 15:00:53.904" endtime="20231015 15:00:55.305"/>
</kw>
<kw name="Click Element" library="SeleniumLibrary">
<arg>${path_1}</arg>
<doc>Click the element identified by ``locator``.</doc>
<msg timestamp="20231015 15:00:55.307" level="INFO">Clicking element '//*[@id="sitemegamenu"]/nav/ul/li[1]/a'.</msg>
<status status="PASS" starttime="20231015 15:00:55.305" endtime="20231015 15:00:55.999"/>
</kw>
<kw name="Page Should Contain Element" library="SeleniumLibrary">
<arg>xpath=//img</arg>
<doc>Verifies that element ``locator`` is found on the current page.</doc>
<msg timestamp="20231015 15:00:56.014" level="INFO">Current page contains element 'xpath=//img'.</msg>
<status status="PASS" starttime="20231015 15:00:56.000" endtime="20231015 15:00:56.015"/>
</kw>
<status status="PASS" starttime="20231015 15:00:53.903" endtime="20231015 15:00:56.015"/>
</branch>
<status status="PASS" starttime="20231015 15:00:53.900" endtime="20231015 15:00:56.015"/>
</if>
<status status="PASS" starttime="20231015 15:00:53.786" endtime="20231015 15:00:56.015"/>
</iter>
<iter>
<var name="${i}">2</var>
<kw name="Set Variable" library="BuiltIn">
<var>${path_1}</var>
<arg>//*[@id="sitemegamenu"]/nav/ul/li[${i}]/a</arg>
<doc>Returns the given values which can then be assigned to a variables.</doc>
<msg timestamp="20231015 15:00:56.017" level="INFO">${path_1} = //*[@id="sitemegamenu"]/nav/ul/li[2]/a</msg>
<status status="PASS" starttime="20231015 15:00:56.017" endtime="20231015 15:00:56.018"/>
</kw>
<kw name="Run Keyword And Return Status" library="BuiltIn">
<var>${element}</var>
<arg>Element Should Be Visible</arg>
<arg>xpath:${path_1}</arg>
<doc>Runs the given keyword with given arguments and returns the status as a Boolean value.</doc>
<kw name="Element Should Be Visible" library="SeleniumLibrary">
<arg>xpath:${path_1}</arg>
<doc>Verifies that the element identified by ``locator`` is visible.</doc>
<msg timestamp="20231015 15:00:56.039" level="INFO">Element 'xpath://*[@id="sitemegamenu"]/nav/ul/li[2]/a' is displayed.</msg>
<status status="PASS" starttime="20231015 15:00:56.019" endtime="20231015 15:00:56.040"/>
</kw>
<msg timestamp="20231015 15:00:56.040" level="INFO">${element} = True</msg>
<status status="PASS" starttime="20231015 15:00:56.018" endtime="20231015 15:00:56.040"/>
</kw>
<if>
<branch type="IF" condition="not ${element}">
<if>
<branch type="IF" condition="${i}&gt;1">
<break>
<status status="NOT RUN" starttime="20231015 15:00:56.042" endtime="20231015 15:00:56.042"/>
</break>
<status status="NOT RUN" starttime="20231015 15:00:56.041" endtime="20231015 15:00:56.042"/>
</branch>
<status status="NOT RUN" starttime="20231015 15:00:56.041" endtime="20231015 15:00:56.043"/>
</if>
<status status="NOT RUN" starttime="20231015 15:00:56.041" endtime="20231015 15:00:56.043"/>
</branch>
<status status="PASS" starttime="20231015 15:00:56.041" endtime="20231015 15:00:56.043"/>
</if>
<kw name="Log" library="BuiltIn">
<arg>'number of cylces: ${i}'</arg>
<doc>Logs the given message with the given level.</doc>
<msg timestamp="20231015 15:00:56.044" level="INFO">'number of cylces: 2'</msg>
<status status="PASS" starttime="20231015 15:00:56.043" endtime="20231015 15:00:56.044"/>
</kw>
<kw name="Run Keyword And Ignore Error" library="BuiltIn">
<arg>Element Should Be Enabled</arg>
<arg>xpath:${path_1}</arg>
<doc>Runs the given keyword with the given arguments and ignores possible error.</doc>
<kw name="Element Should Be Enabled" library="SeleniumLibrary">
<arg>xpath:${path_1}</arg>
<doc>Verifies that element identified by ``locator`` is enabled.</doc>
<status status="PASS" starttime="20231015 15:00:56.045" endtime="20231015 15:00:56.075"/>
</kw>
<status status="PASS" starttime="20231015 15:00:56.045" endtime="20231015 15:00:56.075"/>
</kw>
<kw name="Run Keyword And Ignore Error" library="BuiltIn">
<var>${href_attribute}</var>
<arg>Get Element Attribute</arg>
<arg>xpath:${path_1}</arg>
<arg>href</arg>
<doc>Runs the given keyword with the given arguments and ignores possible error.</doc>
<kw name="Get Element Attribute" library="SeleniumLibrary">
<arg>xpath:${path_1}</arg>
<arg>href</arg>
<doc>Returns the value of ``attribute`` from the element ``locator``.</doc>
<status status="PASS" starttime="20231015 15:00:56.076" endtime="20231015 15:00:56.092"/>
</kw>
<msg timestamp="20231015 15:00:56.093" level="INFO">${href_attribute} = ('PASS', 'https://www.jimms.fi/fi/Product/Komponentit')</msg>
<status status="PASS" starttime="20231015 15:00:56.075" endtime="20231015 15:00:56.093"/>
</kw>
<if>
<branch type="IF" condition="${href_attribute} == ('PASS', None)">
<kw name="Get Text" library="SeleniumLibrary">
<var>${category}</var>
<arg>${path_1}</arg>
<doc>Returns the text value of the element identified by ``locator``.</doc>
<status status="NOT RUN" starttime="20231015 15:00:56.094" endtime="20231015 15:00:56.094"/>
</kw>
<kw name="Append To File" library="OperatingSystem">
<arg>./1quangLuong.txt</arg>
<arg>Level 1: ${category}\n</arg>
<doc>Appends the given content to the specified file.</doc>
<status status="NOT RUN" starttime="20231015 15:00:56.095" endtime="20231015 15:00:56.095"/>
</kw>
<status status="NOT RUN" starttime="20231015 15:00:56.093" endtime="20231015 15:00:56.095"/>
</branch>
<branch type="ELSE">
<kw name="Go To" library="SeleniumLibrary">
<arg>${URL}</arg>
<doc>Navigates the current browser window to the provided ``url``.</doc>
<msg timestamp="20231015 15:00:56.097" level="INFO">Opening url 'https://www.jimms.fi/'</msg>
<status status="PASS" starttime="20231015 15:00:56.096" endtime="20231015 15:00:56.629"/>
</kw>
<kw name="Click Element" library="SeleniumLibrary">
<arg>${path_1}</arg>
<doc>Click the element identified by ``locator``.</doc>
<msg timestamp="20231015 15:00:56.631" level="INFO">Clicking element '//*[@id="sitemegamenu"]/nav/ul/li[2]/a'.</msg>
<status status="PASS" starttime="20231015 15:00:56.630" endtime="20231015 15:00:57.242"/>
</kw>
<kw name="Page Should Contain Element" library="SeleniumLibrary">
<arg>xpath=//img</arg>
<doc>Verifies that element ``locator`` is found on the current page.</doc>
<msg timestamp="20231015 15:00:57.254" level="INFO">Current page contains element 'xpath=//img'.</msg>
<status status="PASS" starttime="20231015 15:00:57.242" endtime="20231015 15:00:57.255"/>
</kw>
<status status="PASS" starttime="20231015 15:00:56.096" endtime="20231015 15:00:57.255"/>
</branch>
<status status="PASS" starttime="20231015 15:00:56.093" endtime="20231015 15:00:57.255"/>
</if>
<status status="PASS" starttime="20231015 15:00:56.016" endtime="20231015 15:00:57.255"/>
</iter>
<iter>
<var name="${i}">3</var>
<kw name="Set Variable" library="BuiltIn">
<var>${path_1}</var>
<arg>//*[@id="sitemegamenu"]/nav/ul/li[${i}]/a</arg>
<doc>Returns the given values which can then be assigned to a variables.</doc>
<msg timestamp="20231015 15:00:57.257" level="INFO">${path_1} = //*[@id="sitemegamenu"]/nav/ul/li[3]/a</msg>
<status status="PASS" starttime="20231015 15:00:57.256" endtime="20231015 15:00:57.258"/>
</kw>
<kw name="Run Keyword And Return Status" library="BuiltIn">
<var>${element}</var>
<arg>Element Should Be Visible</arg>
<arg>xpath:${path_1}</arg>
<doc>Runs the given keyword with given arguments and returns the status as a Boolean value.</doc>
<kw name="Element Should Be Visible" library="SeleniumLibrary">
<arg>xpath:${path_1}</arg>
<doc>Verifies that the element identified by ``locator`` is visible.</doc>
<msg timestamp="20231015 15:00:57.275" level="INFO">Element 'xpath://*[@id="sitemegamenu"]/nav/ul/li[3]/a' is displayed.</msg>
<status status="PASS" starttime="20231015 15:00:57.259" endtime="20231015 15:00:57.276"/>
</kw>
<msg timestamp="20231015 15:00:57.276" level="INFO">${element} = True</msg>
<status status="PASS" starttime="20231015 15:00:57.258" endtime="20231015 15:00:57.277"/>
</kw>
<if>
<branch type="IF" condition="not ${element}">
<if>
<branch type="IF" condition="${i}&gt;1">
<break>
<status status="NOT RUN" starttime="20231015 15:00:57.278" endtime="20231015 15:00:57.278"/>
</break>
<status status="NOT RUN" starttime="20231015 15:00:57.278" endtime="20231015 15:00:57.279"/>
</branch>
<status status="NOT RUN" starttime="20231015 15:00:57.277" endtime="20231015 15:00:57.279"/>
</if>
<status status="NOT RUN" starttime="20231015 15:00:57.277" endtime="20231015 15:00:57.279"/>
</branch>
<status status="PASS" starttime="20231015 15:00:57.277" endtime="20231015 15:00:57.279"/>
</if>
<kw name="Log" library="BuiltIn">
<arg>'number of cylces: ${i}'</arg>
<doc>Logs the given message with the given level.</doc>
<msg timestamp="20231015 15:00:57.280" level="INFO">'number of cylces: 3'</msg>
<status status="PASS" starttime="20231015 15:00:57.279" endtime="20231015 15:00:57.280"/>
</kw>
<kw name="Run Keyword And Ignore Error" library="BuiltIn">
<arg>Element Should Be Enabled</arg>
<arg>xpath:${path_1}</arg>
<doc>Runs the given keyword with the given arguments and ignores possible error.</doc>
<kw name="Element Should Be Enabled" library="SeleniumLibrary">
<arg>xpath:${path_1}</arg>
<doc>Verifies that element identified by ``locator`` is enabled.</doc>
<status status="PASS" starttime="20231015 15:00:57.282" endtime="20231015 15:00:57.301"/>
</kw>
<status status="PASS" starttime="20231015 15:00:57.281" endtime="20231015 15:00:57.302"/>
</kw>
<kw name="Run Keyword And Ignore Error" library="BuiltIn">
<var>${href_attribute}</var>
<arg>Get Element Attribute</arg>
<arg>xpath:${path_1}</arg>
<arg>href</arg>
<doc>Runs the given keyword with the given arguments and ignores possible error.</doc>
<kw name="Get Element Attribute" library="SeleniumLibrary">
<arg>xpath:${path_1}</arg>
<arg>href</arg>
<doc>Returns the value of ``attribute`` from the element ``locator``.</doc>
<status status="PASS" starttime="20231015 15:00:57.303" endtime="20231015 15:00:57.321"/>
</kw>
<msg timestamp="20231015 15:00:57.322" level="INFO">${href_attribute} = ('PASS', 'https://www.jimms.fi/fi/Product/Oheislaitteet')</msg>
<status status="PASS" starttime="20231015 15:00:57.302" endtime="20231015 15:00:57.322"/>
</kw>
<if>
<branch type="IF" condition="${href_attribute} == ('PASS', None)">
<kw name="Get Text" library="SeleniumLibrary">
<var>${category}</var>
<arg>${path_1}</arg>
<doc>Returns the text value of the element identified by ``locator``.</doc>
<status status="NOT RUN" starttime="20231015 15:00:57.323" endtime="20231015 15:00:57.323"/>
</kw>
<kw name="Append To File" library="OperatingSystem">
<arg>./1quangLuong.txt</arg>
<arg>Level 1: ${category}\n</arg>
<doc>Appends the given content to the specified file.</doc>
<status status="NOT RUN" starttime="20231015 15:00:57.324" endtime="20231015 15:00:57.324"/>
</kw>
<status status="NOT RUN" starttime="20231015 15:00:57.322" endtime="20231015 15:00:57.324"/>
</branch>
<branch type="ELSE">
<kw name="Go To" library="SeleniumLibrary">
<arg>${URL}</arg>
<doc>Navigates the current browser window to the provided ``url``.</doc>
<msg timestamp="20231015 15:00:57.326" level="INFO">Opening url 'https://www.jimms.fi/'</msg>
<status status="PASS" starttime="20231015 15:00:57.325" endtime="20231015 15:00:57.699"/>
</kw>
<kw name="Click Element" library="SeleniumLibrary">
<arg>${path_1}</arg>
<doc>Click the element identified by ``locator``.</doc>
<msg timestamp="20231015 15:00:57.701" level="INFO">Clicking element '//*[@id="sitemegamenu"]/nav/ul/li[3]/a'.</msg>
<status status="PASS" starttime="20231015 15:00:57.699" endtime="20231015 15:00:58.194"/>
</kw>
<kw name="Page Should Contain Element" library="SeleniumLibrary">
<arg>xpath=//img</arg>
<doc>Verifies that element ``locator`` is found on the current page.</doc>
<msg timestamp="20231015 15:00:58.208" level="INFO">Current page contains element 'xpath=//img'.</msg>
<status status="PASS" starttime="20231015 15:00:58.194" endtime="20231015 15:00:58.208"/>
</kw>
<status status="PASS" starttime="20231015 15:00:57.325" endtime="20231015 15:00:58.208"/>
</branch>
<status status="PASS" starttime="20231015 15:00:57.322" endtime="20231015 15:00:58.208"/>
</if>
<status status="PASS" starttime="20231015 15:00:57.256" endtime="20231015 15:00:58.208"/>
</iter>
<iter>
<var name="${i}">4</var>
<kw name="Set Variable" library="BuiltIn">
<var>${path_1}</var>
<arg>//*[@id="sitemegamenu"]/nav/ul/li[${i}]/a</arg>
<doc>Returns the given values which can then be assigned to a variables.</doc>
<msg timestamp="20231015 15:00:58.211" level="INFO">${path_1} = //*[@id="sitemegamenu"]/nav/ul/li[4]/a</msg>
<status status="PASS" starttime="20231015 15:00:58.210" endtime="20231015 15:00:58.212"/>
</kw>
<kw name="Run Keyword And Return Status" library="BuiltIn">
<var>${element}</var>
<arg>Element Should Be Visible</arg>
<arg>xpath:${path_1}</arg>
<doc>Runs the given keyword with given arguments and returns the status as a Boolean value.</doc>
<kw name="Element Should Be Visible" library="SeleniumLibrary">
<arg>xpath:${path_1}</arg>
<doc>Verifies that the element identified by ``locator`` is visible.</doc>
<msg timestamp="20231015 15:00:58.230" level="INFO">Element 'xpath://*[@id="sitemegamenu"]/nav/ul/li[4]/a' is displayed.</msg>
<status status="PASS" starttime="20231015 15:00:58.213" endtime="20231015 15:00:58.231"/>
</kw>
<msg timestamp="20231015 15:00:58.231" level="INFO">${element} = True</msg>
<status status="PASS" starttime="20231015 15:00:58.212" endtime="20231015 15:00:58.231"/>
</kw>
<if>
<branch type="IF" condition="not ${element}">
<if>
<branch type="IF" condition="${i}&gt;1">
<break>
<status status="NOT RUN" starttime="20231015 15:00:58.233" endtime="20231015 15:00:58.233"/>
</break>
<status status="NOT RUN" starttime="20231015 15:00:58.232" endtime="20231015 15:00:58.233"/>
</branch>
<status status="NOT RUN" starttime="20231015 15:00:58.232" endtime="20231015 15:00:58.234"/>
</if>
<status status="NOT RUN" starttime="20231015 15:00:58.232" endtime="20231015 15:00:58.234"/>
</branch>
<status status="PASS" starttime="20231015 15:00:58.232" endtime="20231015 15:00:58.234"/>
</if>
<kw name="Log" library="BuiltIn">
<arg>'number of cylces: ${i}'</arg>
<doc>Logs the given message with the given level.</doc>
<msg timestamp="20231015 15:00:58.235" level="INFO">'number of cylces: 4'</msg>
<status status="PASS" starttime="20231015 15:00:58.234" endtime="20231015 15:00:58.235"/>
</kw>
<kw name="Run Keyword And Ignore Error" library="BuiltIn">
<arg>Element Should Be Enabled</arg>
<arg>xpath:${path_1}</arg>
<doc>Runs the given keyword with the given arguments and ignores possible error.</doc>
<kw name="Element Should Be Enabled" library="SeleniumLibrary">
<arg>xpath:${path_1}</arg>
<doc>Verifies that element identified by ``locator`` is enabled.</doc>
<status status="PASS" starttime="20231015 15:00:58.236" endtime="20231015 15:00:58.255"/>
</kw>
<status status="PASS" starttime="20231015 15:00:58.236" endtime="20231015 15:00:58.256"/>
</kw>
<kw name="Run Keyword And Ignore Error" library="BuiltIn">
<var>${href_attribute}</var>
<arg>Get Element Attribute</arg>
<arg>xpath:${path_1}</arg>
<arg>href</arg>
<doc>Runs the given keyword with the given arguments and ignores possible error.</doc>
<kw name="Get Element Attribute" library="SeleniumLibrary">
<arg>xpath:${path_1}</arg>
<arg>href</arg>
<doc>Returns the value of ``attribute`` from the element ``locator``.</doc>
<status status="PASS" starttime="20231015 15:00:58.257" endtime="20231015 15:00:58.271"/>
</kw>
<msg timestamp="20231015 15:00:58.271" level="INFO">${href_attribute} = ('PASS', 'https://www.jimms.fi/fi/Product/Pelaaminen')</msg>
<status status="PASS" starttime="20231015 15:00:58.256" endtime="20231015 15:00:58.272"/>
</kw>
<if>
<branch type="IF" condition="${href_attribute} == ('PASS', None)">
<kw name="Get Text" library="SeleniumLibrary">
<var>${category}</var>
<arg>${path_1}</arg>
<doc>Returns the text value of the element identified by ``locator``.</doc>
<status status="NOT RUN" starttime="20231015 15:00:58.273" endtime="20231015 15:00:58.273"/>
</kw>
<kw name="Append To File" library="OperatingSystem">
<arg>./1quangLuong.txt</arg>
<arg>Level 1: ${category}\n</arg>
<doc>Appends the given content to the specified file.</doc>
<status status="NOT RUN" starttime="20231015 15:00:58.273" endtime="20231015 15:00:58.274"/>
</kw>
<status status="NOT RUN" starttime="20231015 15:00:58.272" endtime="20231015 15:00:58.274"/>
</branch>
<branch type="ELSE">
<kw name="Go To" library="SeleniumLibrary">
<arg>${URL}</arg>
<doc>Navigates the current browser window to the provided ``url``.</doc>
<msg timestamp="20231015 15:00:58.275" level="INFO">Opening url 'https://www.jimms.fi/'</msg>
<status status="PASS" starttime="20231015 15:00:58.275" endtime="20231015 15:00:58.680"/>
</kw>
<kw name="Click Element" library="SeleniumLibrary">
<arg>${path_1}</arg>
<doc>Click the element identified by ``locator``.</doc>
<msg timestamp="20231015 15:00:58.682" level="INFO">Clicking element '//*[@id="sitemegamenu"]/nav/ul/li[4]/a'.</msg>
<status status="PASS" starttime="20231015 15:00:58.681" endtime="20231015 15:00:59.274"/>
</kw>
<kw name="Page Should Contain Element" library="SeleniumLibrary">
<arg>xpath=//img</arg>
<doc>Verifies that element ``locator`` is found on the current page.</doc>
<msg timestamp="20231015 15:00:59.295" level="INFO">Current page contains element 'xpath=//img'.</msg>
<status status="PASS" starttime="20231015 15:00:59.275" endtime="20231015 15:00:59.295"/>
</kw>
<status status="PASS" starttime="20231015 15:00:58.274" endtime="20231015 15:00:59.296"/>
</branch>
<status status="PASS" starttime="20231015 15:00:58.272" endtime="20231015 15:00:59.296"/>
</if>
<status status="PASS" starttime="20231015 15:00:58.210" endtime="20231015 15:00:59.296"/>
</iter>
<iter>
<var name="${i}">5</var>
<kw name="Set Variable" library="BuiltIn">
<var>${path_1}</var>
<arg>//*[@id="sitemegamenu"]/nav/ul/li[${i}]/a</arg>
<doc>Returns the given values which can then be assigned to a variables.</doc>
<msg timestamp="20231015 15:00:59.299" level="INFO">${path_1} = //*[@id="sitemegamenu"]/nav/ul/li[5]/a</msg>
<status status="PASS" starttime="20231015 15:00:59.298" endtime="20231015 15:00:59.299"/>
</kw>
<kw name="Run Keyword And Return Status" library="BuiltIn">
<var>${element}</var>
<arg>Element Should Be Visible</arg>
<arg>xpath:${path_1}</arg>
<doc>Runs the given keyword with given arguments and returns the status as a Boolean value.</doc>
<kw name="Element Should Be Visible" library="SeleniumLibrary">
<arg>xpath:${path_1}</arg>
<doc>Verifies that the element identified by ``locator`` is visible.</doc>
<msg timestamp="20231015 15:00:59.321" level="INFO">Element 'xpath://*[@id="sitemegamenu"]/nav/ul/li[5]/a' is displayed.</msg>
<status status="PASS" starttime="20231015 15:00:59.300" endtime="20231015 15:00:59.322"/>
</kw>
<msg timestamp="20231015 15:00:59.322" level="INFO">${element} = True</msg>
<status status="PASS" starttime="20231015 15:00:59.299" endtime="20231015 15:00:59.322"/>
</kw>
<if>
<branch type="IF" condition="not ${element}">
<if>
<branch type="IF" condition="${i}&gt;1">
<break>
<status status="NOT RUN" starttime="20231015 15:00:59.324" endtime="20231015 15:00:59.324"/>
</break>
<status status="NOT RUN" starttime="20231015 15:00:59.323" endtime="20231015 15:00:59.324"/>
</branch>
<status status="NOT RUN" starttime="20231015 15:00:59.323" endtime="20231015 15:00:59.325"/>
</if>
<status status="NOT RUN" starttime="20231015 15:00:59.323" endtime="20231015 15:00:59.325"/>
</branch>
<status status="PASS" starttime="20231015 15:00:59.323" endtime="20231015 15:00:59.325"/>
</if>
<kw name="Log" library="BuiltIn">
<arg>'number of cylces: ${i}'</arg>
<doc>Logs the given message with the given level.</doc>
<msg timestamp="20231015 15:00:59.326" level="INFO">'number of cylces: 5'</msg>
<status status="PASS" starttime="20231015 15:00:59.325" endtime="20231015 15:00:59.326"/>
</kw>
<kw name="Run Keyword And Ignore Error" library="BuiltIn">
<arg>Element Should Be Enabled</arg>
<arg>xpath:${path_1}</arg>
<doc>Runs the given keyword with the given arguments and ignores possible error.</doc>
<kw name="Element Should Be Enabled" library="SeleniumLibrary">
<arg>xpath:${path_1}</arg>
<doc>Verifies that element identified by ``locator`` is enabled.</doc>
<status status="PASS" starttime="20231015 15:00:59.327" endtime="20231015 15:00:59.348"/>
</kw>
<status status="PASS" starttime="20231015 15:00:59.327" endtime="20231015 15:00:59.348"/>
</kw>
<kw name="Run Keyword And Ignore Error" library="BuiltIn">
<var>${href_attribute}</var>
<arg>Get Element Attribute</arg>
<arg>xpath:${path_1}</arg>
<arg>href</arg>
<doc>Runs the given keyword with the given arguments and ignores possible error.</doc>
<kw name="Get Element Attribute" library="SeleniumLibrary">
<arg>xpath:${path_1}</arg>
<arg>href</arg>
<doc>Returns the value of ``attribute`` from the element ``locator``.</doc>
<status status="PASS" starttime="20231015 15:00:59.349" endtime="20231015 15:00:59.364"/>
</kw>
<msg timestamp="20231015 15:00:59.364" level="INFO">${href_attribute} = ('PASS', 'https://www.jimms.fi/fi/Product/Verkkotuotteet')</msg>
<status status="PASS" starttime="20231015 15:00:59.348" endtime="20231015 15:00:59.365"/>
</kw>
<if>
<branch type="IF" condition="${href_attribute} == ('PASS', None)">
<kw name="Get Text" library="SeleniumLibrary">
<var>${category}</var>
<arg>${path_1}</arg>
<doc>Returns the text value of the element identified by ``locator``.</doc>
<status status="NOT RUN" starttime="20231015 15:00:59.366" endtime="20231015 15:00:59.366"/>
</kw>
<kw name="Append To File" library="OperatingSystem">
<arg>./1quangLuong.txt</arg>
<arg>Level 1: ${category}\n</arg>
<doc>Appends the given content to the specified file.</doc>
<status status="NOT RUN" starttime="20231015 15:00:59.367" endtime="20231015 15:00:59.367"/>
</kw>
<status status="NOT RUN" starttime="20231015 15:00:59.365" endtime="20231015 15:00:59.367"/>
</branch>
<branch type="ELSE">
<kw name="Go To" library="SeleniumLibrary">
<arg>${URL}</arg>
<doc>Navigates the current browser window to the provided ``url``.</doc>
<msg timestamp="20231015 15:00:59.369" level="INFO">Opening url 'https://www.jimms.fi/'</msg>
<status status="PASS" starttime="20231015 15:00:59.368" endtime="20231015 15:00:59.788"/>
</kw>
<kw name="Click Element" library="SeleniumLibrary">
<arg>${path_1}</arg>
<doc>Click the element identified by ``locator``.</doc>
<msg timestamp="20231015 15:00:59.790" level="INFO">Clicking element '//*[@id="sitemegamenu"]/nav/ul/li[5]/a'.</msg>
<status status="PASS" starttime="20231015 15:00:59.789" endtime="20231015 15:01:00.316"/>
</kw>
<kw name="Page Should Contain Element" library="SeleniumLibrary">
<arg>xpath=//img</arg>
<doc>Verifies that element ``locator`` is found on the current page.</doc>
<msg timestamp="20231015 15:01:00.327" level="INFO">Current page contains element 'xpath=//img'.</msg>
<status status="PASS" starttime="20231015 15:01:00.316" endtime="20231015 15:01:00.327"/>
</kw>
<status status="PASS" starttime="20231015 15:00:59.368" endtime="20231015 15:01:00.328"/>
</branch>
<status status="PASS" starttime="20231015 15:00:59.365" endtime="20231015 15:01:00.328"/>
</if>
<status status="PASS" starttime="20231015 15:00:59.297" endtime="20231015 15:01:00.328"/>
</iter>
<iter>
<var name="${i}">6</var>
<kw name="Set Variable" library="BuiltIn">
<var>${path_1}</var>
<arg>//*[@id="sitemegamenu"]/nav/ul/li[${i}]/a</arg>
<doc>Returns the given values which can then be assigned to a variables.</doc>
<msg timestamp="20231015 15:01:00.330" level="INFO">${path_1} = //*[@id="sitemegamenu"]/nav/ul/li[6]/a</msg>
<status status="PASS" starttime="20231015 15:01:00.329" endtime="20231015 15:01:00.330"/>
</kw>
<kw name="Run Keyword And Return Status" library="BuiltIn">
<var>${element}</var>
<arg>Element Should Be Visible</arg>
<arg>xpath:${path_1}</arg>
<doc>Runs the given keyword with given arguments and returns the status as a Boolean value.</doc>
<kw name="Element Should Be Visible" library="SeleniumLibrary">
<arg>xpath:${path_1}</arg>
<doc>Verifies that the element identified by ``locator`` is visible.</doc>
<msg timestamp="20231015 15:01:00.349" level="INFO">Element 'xpath://*[@id="sitemegamenu"]/nav/ul/li[6]/a' is displayed.</msg>
<status status="PASS" starttime="20231015 15:01:00.331" endtime="20231015 15:01:00.349"/>
</kw>
<msg timestamp="20231015 15:01:00.349" level="INFO">${element} = True</msg>
<status status="PASS" starttime="20231015 15:01:00.331" endtime="20231015 15:01:00.350"/>
</kw>
<if>
<branch type="IF" condition="not ${element}">
<if>
<branch type="IF" condition="${i}&gt;1">
<break>
<status status="NOT RUN" starttime="20231015 15:01:00.351" endtime="20231015 15:01:00.351"/>
</break>
<status status="NOT RUN" starttime="20231015 15:01:00.351" endtime="20231015 15:01:00.352"/>
</branch>
<status status="NOT RUN" starttime="20231015 15:01:00.351" endtime="20231015 15:01:00.352"/>
</if>
<status status="NOT RUN" starttime="20231015 15:01:00.350" endtime="20231015 15:01:00.352"/>
</branch>
<status status="PASS" starttime="20231015 15:01:00.350" endtime="20231015 15:01:00.352"/>
</if>
<kw name="Log" library="BuiltIn">
<arg>'number of cylces: ${i}'</arg>
<doc>Logs the given message with the given level.</doc>
<msg timestamp="20231015 15:01:00.353" level="INFO">'number of cylces: 6'</msg>
<status status="PASS" starttime="20231015 15:01:00.353" endtime="20231015 15:01:00.354"/>
</kw>
<kw name="Run Keyword And Ignore Error" library="BuiltIn">
<arg>Element Should Be Enabled</arg>
<arg>xpath:${path_1}</arg>
<doc>Runs the given keyword with the given arguments and ignores possible error.</doc>
<kw name="Element Should Be Enabled" library="SeleniumLibrary">
<arg>xpath:${path_1}</arg>
<doc>Verifies that element identified by ``locator`` is enabled.</doc>
<status status="PASS" starttime="20231015 15:01:00.355" endtime="20231015 15:01:00.373"/>
</kw>
<status status="PASS" starttime="20231015 15:01:00.354" endtime="20231015 15:01:00.374"/>
</kw>
<kw name="Run Keyword And Ignore Error" library="BuiltIn">
<var>${href_attribute}</var>
<arg>Get Element Attribute</arg>
<arg>xpath:${path_1}</arg>
<arg>href</arg>
<doc>Runs the given keyword with the given arguments and ignores possible error.</doc>
<kw name="Get Element Attribute" library="SeleniumLibrary">
<arg>xpath:${path_1}</arg>
<arg>href</arg>
<doc>Returns the value of ``attribute`` from the element ``locator``.</doc>
<status status="PASS" starttime="20231015 15:01:00.375" endtime="20231015 15:01:00.389"/>
</kw>
<msg timestamp="20231015 15:01:00.390" level="INFO">${href_attribute} = ('PASS', 'https://www.jimms.fi/fi/Product/Tarvikkeet')</msg>
<status status="PASS" starttime="20231015 15:01:00.374" endtime="20231015 15:01:00.390"/>
</kw>
<if>
<branch type="IF" condition="${href_attribute} == ('PASS', None)">
<kw name="Get Text" library="SeleniumLibrary">
<var>${category}</var>
<arg>${path_1}</arg>
<doc>Returns the text value of the element identified by ``locator``.</doc>
<status status="NOT RUN" starttime="20231015 15:01:00.391" endtime="20231015 15:01:00.391"/>
</kw>
<kw name="Append To File" library="OperatingSystem">
<arg>./1quangLuong.txt</arg>
<arg>Level 1: ${category}\n</arg>
<doc>Appends the given content to the specified file.</doc>
<status status="NOT RUN" starttime="20231015 15:01:00.392" endtime="20231015 15:01:00.392"/>
</kw>
<status status="NOT RUN" starttime="20231015 15:01:00.390" endtime="20231015 15:01:00.392"/>
</branch>
<branch type="ELSE">
<kw name="Go To" library="SeleniumLibrary">
<arg>${URL}</arg>
<doc>Navigates the current browser window to the provided ``url``.</doc>
<msg timestamp="20231015 15:01:00.394" level="INFO">Opening url 'https://www.jimms.fi/'</msg>
<status status="PASS" starttime="20231015 15:01:00.393" endtime="20231015 15:01:00.772"/>
</kw>
<kw name="Click Element" library="SeleniumLibrary">
<arg>${path_1}</arg>
<doc>Click the element identified by ``locator``.</doc>
<msg timestamp="20231015 15:01:00.774" level="INFO">Clicking element '//*[@id="sitemegamenu"]/nav/ul/li[6]/a'.</msg>
<status status="PASS" starttime="20231015 15:01:00.773" endtime="20231015 15:01:01.278"/>
</kw>
<kw name="Page Should Contain Element" library="SeleniumLibrary">
<arg>xpath=//img</arg>
<doc>Verifies that element ``locator`` is found on the current page.</doc>
<msg timestamp="20231015 15:01:01.293" level="INFO">Current page contains element 'xpath=//img'.</msg>
<status status="PASS" starttime="20231015 15:01:01.279" endtime="20231015 15:01:01.294"/>
</kw>
<status status="PASS" starttime="20231015 15:01:00.393" endtime="20231015 15:01:01.294"/>
</branch>
<status status="PASS" starttime="20231015 15:01:00.390" endtime="20231015 15:01:01.294"/>
</if>
<status status="PASS" starttime="20231015 15:01:00.329" endtime="20231015 15:01:01.294"/>
</iter>
<iter>
<var name="${i}">7</var>
<kw name="Set Variable" library="BuiltIn">
<var>${path_1}</var>
<arg>//*[@id="sitemegamenu"]/nav/ul/li[${i}]/a</arg>
<doc>Returns the given values which can then be assigned to a variables.</doc>
<msg timestamp="20231015 15:01:01.296" level="INFO">${path_1} = //*[@id="sitemegamenu"]/nav/ul/li[7]/a</msg>
<status status="PASS" starttime="20231015 15:01:01.295" endtime="20231015 15:01:01.297"/>
</kw>
<kw name="Run Keyword And Return Status" library="BuiltIn">
<var>${element}</var>
<arg>Element Should Be Visible</arg>
<arg>xpath:${path_1}</arg>
<doc>Runs the given keyword with given arguments and returns the status as a Boolean value.</doc>
<kw name="Element Should Be Visible" library="SeleniumLibrary">
<arg>xpath:${path_1}</arg>
<doc>Verifies that the element identified by ``locator`` is visible.</doc>
<msg timestamp="20231015 15:01:01.315" level="INFO">Element 'xpath://*[@id="sitemegamenu"]/nav/ul/li[7]/a' is displayed.</msg>
<status status="PASS" starttime="20231015 15:01:01.298" endtime="20231015 15:01:01.315"/>
</kw>
<msg timestamp="20231015 15:01:01.316" level="INFO">${element} = True</msg>
<status status="PASS" starttime="20231015 15:01:01.297" endtime="20231015 15:01:01.316"/>
</kw>
<if>
<branch type="IF" condition="not ${element}">
<if>
<branch type="IF" condition="${i}&gt;1">
<break>
<status status="NOT RUN" starttime="20231015 15:01:01.318" endtime="20231015 15:01:01.318"/>
</break>
<status status="NOT RUN" starttime="20231015 15:01:01.317" endtime="20231015 15:01:01.318"/>
</branch>
<status status="NOT RUN" starttime="20231015 15:01:01.317" endtime="20231015 15:01:01.318"/>
</if>
<status status="NOT RUN" starttime="20231015 15:01:01.317" endtime="20231015 15:01:01.319"/>
</branch>
<status status="PASS" starttime="20231015 15:01:01.316" endtime="20231015 15:01:01.319"/>
</if>
<kw name="Log" library="BuiltIn">
<arg>'number of cylces: ${i}'</arg>
<doc>Logs the given message with the given level.</doc>
<msg timestamp="20231015 15:01:01.320" level="INFO">'number of cylces: 7'</msg>
<status status="PASS" starttime="20231015 15:01:01.319" endtime="20231015 15:01:01.320"/>
</kw>
<kw name="Run Keyword And Ignore Error" library="BuiltIn">
<arg>Element Should Be Enabled</arg>
<arg>xpath:${path_1}</arg>
<doc>Runs the given keyword with the given arguments and ignores possible error.</doc>
<kw name="Element Should Be Enabled" library="SeleniumLibrary">
<arg>xpath:${path_1}</arg>
<doc>Verifies that element identified by ``locator`` is enabled.</doc>
<status status="PASS" starttime="20231015 15:01:01.321" endtime="20231015 15:01:01.355"/>
</kw>
<status status="PASS" starttime="20231015 15:01:01.320" endtime="20231015 15:01:01.356"/>
</kw>
<kw name="Run Keyword And Ignore Error" library="BuiltIn">
<var>${href_attribute}</var>
<arg>Get Element Attribute</arg>
<arg>xpath:${path_1}</arg>
<arg>href</arg>
<doc>Runs the given keyword with the given arguments and ignores possible error.</doc>
<kw name="Get Element Attribute" library="SeleniumLibrary">
<arg>xpath:${path_1}</arg>
<arg>href</arg>
<doc>Returns the value of ``attribute`` from the element ``locator``.</doc>
<status status="PASS" starttime="20231015 15:01:01.356" endtime="20231015 15:01:01.372"/>
</kw>
<msg timestamp="20231015 15:01:01.373" level="INFO">${href_attribute} = ('PASS', 'https://www.jimms.fi/fi/Product/Erikoistuotteet')</msg>
<status status="PASS" starttime="20231015 15:01:01.356" endtime="20231015 15:01:01.373"/>
</kw>
<if>
<branch type="IF" condition="${href_attribute} == ('PASS', None)">
<kw name="Get Text" library="SeleniumLibrary">
<var>${category}</var>
<arg>${path_1}</arg>
<doc>Returns the text value of the element identified by ``locator``.</doc>
<status status="NOT RUN" starttime="20231015 15:01:01.374" endtime="20231015 15:01:01.374"/>
</kw>
<kw name="Append To File" library="OperatingSystem">
<arg>./1quangLuong.txt</arg>
<arg>Level 1: ${category}\n</arg>
<doc>Appends the given content to the specified file.</doc>
<status status="NOT RUN" starttime="20231015 15:01:01.375" endtime="20231015 15:01:01.375"/>
</kw>
<status status="NOT RUN" starttime="20231015 15:01:01.373" endtime="20231015 15:01:01.375"/>
</branch>
<branch type="ELSE">
<kw name="Go To" library="SeleniumLibrary">
<arg>${URL}</arg>
<doc>Navigates the current browser window to the provided ``url``.</doc>
<msg timestamp="20231015 15:01:01.377" level="INFO">Opening url 'https://www.jimms.fi/'</msg>
<status status="PASS" starttime="20231015 15:01:01.376" endtime="20231015 15:01:01.788"/>
</kw>
<kw name="Click Element" library="SeleniumLibrary">
<arg>${path_1}</arg>
<doc>Click the element identified by ``locator``.</doc>
<msg timestamp="20231015 15:01:01.789" level="INFO">Clicking element '//*[@id="sitemegamenu"]/nav/ul/li[7]/a'.</msg>
<status status="PASS" starttime="20231015 15:01:01.788" endtime="20231015 15:01:02.456"/>
</kw>
<kw name="Page Should Contain Element" library="SeleniumLibrary">
<arg>xpath=//img</arg>
<doc>Verifies that element ``locator`` is found on the current page.</doc>
<msg timestamp="20231015 15:01:02.469" level="INFO">Current page contains element 'xpath=//img'.</msg>
<status status="PASS" starttime="20231015 15:01:02.457" endtime="20231015 15:01:02.470"/>
</kw>
<status status="PASS" starttime="20231015 15:01:01.376" endtime="20231015 15:01:02.470"/>
</branch>
<status status="PASS" starttime="20231015 15:01:01.373" endtime="20231015 15:01:02.470"/>
</if>
<status status="PASS" starttime="20231015 15:01:01.295" endtime="20231015 15:01:02.470"/>
</iter>
<iter>
<var name="${i}">8</var>
<kw name="Set Variable" library="BuiltIn">
<var>${path_1}</var>
<arg>//*[@id="sitemegamenu"]/nav/ul/li[${i}]/a</arg>
<doc>Returns the given values which can then be assigned to a variables.</doc>
<msg timestamp="20231015 15:01:02.472" level="INFO">${path_1} = //*[@id="sitemegamenu"]/nav/ul/li[8]/a</msg>
<status status="PASS" starttime="20231015 15:01:02.471" endtime="20231015 15:01:02.472"/>
</kw>
<kw name="Run Keyword And Return Status" library="BuiltIn">
<var>${element}</var>
<arg>Element Should Be Visible</arg>
<arg>xpath:${path_1}</arg>
<doc>Runs the given keyword with given arguments and returns the status as a Boolean value.</doc>
<kw name="Element Should Be Visible" library="SeleniumLibrary">
<arg>xpath:${path_1}</arg>
<doc>Verifies that the element identified by ``locator`` is visible.</doc>
<msg timestamp="20231015 15:01:02.491" level="INFO">Element 'xpath://*[@id="sitemegamenu"]/nav/ul/li[8]/a' is displayed.</msg>
<status status="PASS" starttime="20231015 15:01:02.474" endtime="20231015 15:01:02.492"/>
</kw>
<msg timestamp="20231015 15:01:02.492" level="INFO">${element} = True</msg>
<status status="PASS" starttime="20231015 15:01:02.473" endtime="20231015 15:01:02.493"/>
</kw>
<if>
<branch type="IF" condition="not ${element}">
<if>
<branch type="IF" condition="${i}&gt;1">
<break>
<status status="NOT RUN" starttime="20231015 15:01:02.494" endtime="20231015 15:01:02.494"/>
</break>
<status status="NOT RUN" starttime="20231015 15:01:02.494" endtime="20231015 15:01:02.494"/>
</branch>
<status status="NOT RUN" starttime="20231015 15:01:02.493" endtime="20231015 15:01:02.495"/>
</if>
<status status="NOT RUN" starttime="20231015 15:01:02.493" endtime="20231015 15:01:02.495"/>
</branch>
<status status="PASS" starttime="20231015 15:01:02.493" endtime="20231015 15:01:02.495"/>
</if>
<kw name="Log" library="BuiltIn">
<arg>'number of cylces: ${i}'</arg>
<doc>Logs the given message with the given level.</doc>
<msg timestamp="20231015 15:01:02.496" level="INFO">'number of cylces: 8'</msg>
<status status="PASS" starttime="20231015 15:01:02.495" endtime="20231015 15:01:02.497"/>
</kw>
<kw name="Run Keyword And Ignore Error" library="BuiltIn">
<arg>Element Should Be Enabled</arg>
<arg>xpath:${path_1}</arg>
<doc>Runs the given keyword with the given arguments and ignores possible error.</doc>
<kw name="Element Should Be Enabled" library="SeleniumLibrary">
<arg>xpath:${path_1}</arg>
<doc>Verifies that element identified by ``locator`` is enabled.</doc>
<status status="PASS" starttime="20231015 15:01:02.498" endtime="20231015 15:01:02.521"/>
</kw>
<status status="PASS" starttime="20231015 15:01:02.497" endtime="20231015 15:01:02.522"/>
</kw>
<kw name="Run Keyword And Ignore Error" library="BuiltIn">
<var>${href_attribute}</var>
<arg>Get Element Attribute</arg>
<arg>xpath:${path_1}</arg>
<arg>href</arg>
<doc>Runs the given keyword with the given arguments and ignores possible error.</doc>
<kw name="Get Element Attribute" library="SeleniumLibrary">
<arg>xpath:${path_1}</arg>
<arg>href</arg>
<doc>Returns the value of ``attribute`` from the element ``locator``.</doc>
<status status="PASS" starttime="20231015 15:01:02.523" endtime="20231015 15:01:02.537"/>
</kw>
<msg timestamp="20231015 15:01:02.538" level="INFO">${href_attribute} = ('PASS', 'https://www.jimms.fi/fi/Product/Ohjelmistot')</msg>
<status status="PASS" starttime="20231015 15:01:02.522" endtime="20231015 15:01:02.538"/>
</kw>
<if>
<branch type="IF" condition="${href_attribute} == ('PASS', None)">
<kw name="Get Text" library="SeleniumLibrary">
<var>${category}</var>
<arg>${path_1}</arg>
<doc>Returns the text value of the element identified by ``locator``.</doc>
<status status="NOT RUN" starttime="20231015 15:01:02.539" endtime="20231015 15:01:02.540"/>
</kw>
<kw name="Append To File" library="OperatingSystem">
<arg>./1quangLuong.txt</arg>
<arg>Level 1: ${category}\n</arg>
<doc>Appends the given content to the specified file.</doc>
<status status="NOT RUN" starttime="20231015 15:01:02.540" endtime="20231015 15:01:02.540"/>
</kw>
<status status="NOT RUN" starttime="20231015 15:01:02.539" endtime="20231015 15:01:02.541"/>
</branch>
<branch type="ELSE">
<kw name="Go To" library="SeleniumLibrary">
<arg>${URL}</arg>
<doc>Navigates the current browser window to the provided ``url``.</doc>
<msg timestamp="20231015 15:01:02.542" level="INFO">Opening url 'https://www.jimms.fi/'</msg>
<status status="PASS" starttime="20231015 15:01:02.541" endtime="20231015 15:01:02.964"/>
</kw>
<kw name="Click Element" library="SeleniumLibrary">
<arg>${path_1}</arg>
<doc>Click the element identified by ``locator``.</doc>
<msg timestamp="20231015 15:01:02.966" level="INFO">Clicking element '//*[@id="sitemegamenu"]/nav/ul/li[8]/a'.</msg>
<status status="PASS" starttime="20231015 15:01:02.964" endtime="20231015 15:01:03.462"/>
</kw>
<kw name="Page Should Contain Element" library="SeleniumLibrary">
<arg>xpath=//img</arg>
<doc>Verifies that element ``locator`` is found on the current page.</doc>
<msg timestamp="20231015 15:01:03.473" level="INFO">Current page contains element 'xpath=//img'.</msg>
<status status="PASS" starttime="20231015 15:01:03.462" endtime="20231015 15:01:03.474"/>
</kw>
<status status="PASS" starttime="20231015 15:01:02.541" endtime="20231015 15:01:03.474"/>
</branch>
<status status="PASS" starttime="20231015 15:01:02.538" endtime="20231015 15:01:03.474"/>
</if>
<status status="PASS" starttime="20231015 15:01:02.471" endtime="20231015 15:01:03.474"/>
</iter>
<iter>
<var name="${i}">9</var>
<kw name="Set Variable" library="BuiltIn">
<var>${path_1}</var>
<arg>//*[@id="sitemegamenu"]/nav/ul/li[${i}]/a</arg>
<doc>Returns the given values which can then be assigned to a variables.</doc>
<msg timestamp="20231015 15:01:03.476" level="INFO">${path_1} = //*[@id="sitemegamenu"]/nav/ul/li[9]/a</msg>
<status status="PASS" starttime="20231015 15:01:03.476" endtime="20231015 15:01:03.477"/>
</kw>
<kw name="Run Keyword And Return Status" library="BuiltIn">
<var>${element}</var>
<arg>Element Should Be Visible</arg>
<arg>xpath:${path_1}</arg>
<doc>Runs the given keyword with given arguments and returns the status as a Boolean value.</doc>
<kw name="Element Should Be Visible" library="SeleniumLibrary">
<arg>xpath:${path_1}</arg>
<doc>Verifies that the element identified by ``locator`` is visible.</doc>
<msg timestamp="20231015 15:01:03.494" level="INFO">Element 'xpath://*[@id="sitemegamenu"]/nav/ul/li[9]/a' is displayed.</msg>
<status status="PASS" starttime="20231015 15:01:03.478" endtime="20231015 15:01:03.495"/>
</kw>
<msg timestamp="20231015 15:01:03.495" level="INFO">${element} = True</msg>
<status status="PASS" starttime="20231015 15:01:03.477" endtime="20231015 15:01:03.495"/>
</kw>
<if>
<branch type="IF" condition="not ${element}">
<if>
<branch type="IF" condition="${i}&gt;1">
<break>
<status status="NOT RUN" starttime="20231015 15:01:03.497" endtime="20231015 15:01:03.497"/>
</break>
<status status="NOT RUN" starttime="20231015 15:01:03.497" endtime="20231015 15:01:03.498"/>
</branch>
<status status="NOT RUN" starttime="20231015 15:01:03.497" endtime="20231015 15:01:03.498"/>
</if>
<status status="NOT RUN" starttime="20231015 15:01:03.496" endtime="20231015 15:01:03.498"/>
</branch>
<status status="PASS" starttime="20231015 15:01:03.496" endtime="20231015 15:01:03.498"/>
</if>
<kw name="Log" library="BuiltIn">
<arg>'number of cylces: ${i}'</arg>
<doc>Logs the given message with the given level.</doc>
<msg timestamp="20231015 15:01:03.499" level="INFO">'number of cylces: 9'</msg>
<status status="PASS" starttime="20231015 15:01:03.499" endtime="20231015 15:01:03.500"/>
</kw>
<kw name="Run Keyword And Ignore Error" library="BuiltIn">
<arg>Element Should Be Enabled</arg>
<arg>xpath:${path_1}</arg>
<doc>Runs the given keyword with the given arguments and ignores possible error.</doc>
<kw name="Element Should Be Enabled" library="SeleniumLibrary">
<arg>xpath:${path_1}</arg>
<doc>Verifies that element identified by ``locator`` is enabled.</doc>
<status status="PASS" starttime="20231015 15:01:03.501" endtime="20231015 15:01:03.519"/>
</kw>
<status status="PASS" starttime="20231015 15:01:03.500" endtime="20231015 15:01:03.519"/>
</kw>
<kw name="Run Keyword And Ignore Error" library="BuiltIn">
<var>${href_attribute}</var>
<arg>Get Element Attribute</arg>
<arg>xpath:${path_1}</arg>
<arg>href</arg>
<doc>Runs the given keyword with the given arguments and ignores possible error.</doc>
<kw name="Get Element Attribute" library="SeleniumLibrary">
<arg>xpath:${path_1}</arg>
<arg>href</arg>
<doc>Returns the value of ``attribute`` from the element ``locator``.</doc>
<status status="PASS" starttime="20231015 15:01:03.521" endtime="20231015 15:01:03.537"/>
</kw>
<msg timestamp="20231015 15:01:03.537" level="INFO">${href_attribute} = ('PASS', 'https://www.jimms.fi/fi/Product/Palvelut')</msg>
<status status="PASS" starttime="20231015 15:01:03.520" endtime="20231015 15:01:03.538"/>
</kw>
<if>
<branch type="IF" condition="${href_attribute} == ('PASS', None)">
<kw name="Get Text" library="SeleniumLibrary">
<var>${category}</var>
<arg>${path_1}</arg>
<doc>Returns the text value of the element identified by ``locator``.</doc>
<status status="NOT RUN" starttime="20231015 15:01:03.539" endtime="20231015 15:01:03.539"/>
</kw>
<kw name="Append To File" library="OperatingSystem">
<arg>./1quangLuong.txt</arg>
<arg>Level 1: ${category}\n</arg>
<doc>Appends the given content to the specified file.</doc>
<status status="NOT RUN" starttime="20231015 15:01:03.539" endtime="20231015 15:01:03.540"/>
</kw>
<status status="NOT RUN" starttime="20231015 15:01:03.538" endtime="20231015 15:01:03.540"/>
</branch>
<branch type="ELSE">
<kw name="Go To" library="SeleniumLibrary">
<arg>${URL}</arg>
<doc>Navigates the current browser window to the provided ``url``.</doc>
<msg timestamp="20231015 15:01:03.541" level="INFO">Opening url 'https://www.jimms.fi/'</msg>
<status status="PASS" starttime="20231015 15:01:03.541" endtime="20231015 15:01:03.955"/>
</kw>
<kw name="Click Element" library="SeleniumLibrary">
<arg>${path_1}</arg>
<doc>Click the element identified by ``locator``.</doc>
<msg timestamp="20231015 15:01:03.957" level="INFO">Clicking element '//*[@id="sitemegamenu"]/nav/ul/li[9]/a'.</msg>
<status status="PASS" starttime="20231015 15:01:03.956" endtime="20231015 15:01:04.433"/>
</kw>
<kw name="Page Should Contain Element" library="SeleniumLibrary">
<arg>xpath=//img</arg>
<doc>Verifies that element ``locator`` is found on the current page.</doc>
<msg timestamp="20231015 15:01:04.444" level="INFO">Current page contains element 'xpath=//img'.</msg>
<status status="PASS" starttime="20231015 15:01:04.433" endtime="20231015 15:01:04.444"/>
</kw>
<status status="PASS" starttime="20231015 15:01:03.540" endtime="20231015 15:01:04.445"/>
</branch>
<status status="PASS" starttime="20231015 15:01:03.538" endtime="20231015 15:01:04.445"/>
</if>
<status status="PASS" starttime="20231015 15:01:03.475" endtime="20231015 15:01:04.445"/>
</iter>
<iter>
<var name="${i}">10</var>
<kw name="Set Variable" library="BuiltIn">
<var>${path_1}</var>
<arg>//*[@id="sitemegamenu"]/nav/ul/li[${i}]/a</arg>
<doc>Returns the given values which can then be assigned to a variables.</doc>
<msg timestamp="20231015 15:01:04.447" level="INFO">${path_1} = //*[@id="sitemegamenu"]/nav/ul/li[10]/a</msg>
<status status="PASS" starttime="20231015 15:01:04.446" endtime="20231015 15:01:04.447"/>
</kw>
<kw name="Run Keyword And Return Status" library="BuiltIn">
<var>${element}</var>
<arg>Element Should Be Visible</arg>
<arg>xpath:${path_1}</arg>
<doc>Runs the given keyword with given arguments and returns the status as a Boolean value.</doc>
<kw name="Element Should Be Visible" library="SeleniumLibrary">
<arg>xpath:${path_1}</arg>
<doc>Verifies that the element identified by ``locator`` is visible.</doc>
<msg timestamp="20231015 15:01:04.464" level="INFO">Element 'xpath://*[@id="sitemegamenu"]/nav/ul/li[10]/a' is displayed.</msg>
<status status="PASS" starttime="20231015 15:01:04.448" endtime="20231015 15:01:04.465"/>
</kw>
<msg timestamp="20231015 15:01:04.465" level="INFO">${element} = True</msg>
<status status="PASS" starttime="20231015 15:01:04.447" endtime="20231015 15:01:04.466"/>
</kw>
<if>
<branch type="IF" condition="not ${element}">
<if>
<branch type="IF" condition="${i}&gt;1">
<break>
<status status="NOT RUN" starttime="20231015 15:01:04.467" endtime="20231015 15:01:04.467"/>
</break>
<status status="NOT RUN" starttime="20231015 15:01:04.467" endtime="20231015 15:01:04.467"/>
</branch>
<status status="NOT RUN" starttime="20231015 15:01:04.466" endtime="20231015 15:01:04.468"/>
</if>
<status status="NOT RUN" starttime="20231015 15:01:04.466" endtime="20231015 15:01:04.468"/>
</branch>
<status status="PASS" starttime="20231015 15:01:04.466" endtime="20231015 15:01:04.468"/>
</if>
<kw name="Log" library="BuiltIn">
<arg>'number of cylces: ${i}'</arg>
<doc>Logs the given message with the given level.</doc>
<msg timestamp="20231015 15:01:04.469" level="INFO">'number of cylces: 10'</msg>
<status status="PASS" starttime="20231015 15:01:04.468" endtime="20231015 15:01:04.469"/>
</kw>
<kw name="Run Keyword And Ignore Error" library="BuiltIn">
<arg>Element Should Be Enabled</arg>
<arg>xpath:${path_1}</arg>
<doc>Runs the given keyword with the given arguments and ignores possible error.</doc>
<kw name="Element Should Be Enabled" library="SeleniumLibrary">
<arg>xpath:${path_1}</arg>
<doc>Verifies that element identified by ``locator`` is enabled.</doc>
<status status="PASS" starttime="20231015 15:01:04.470" endtime="20231015 15:01:04.497"/>
</kw>
<status status="PASS" starttime="20231015 15:01:04.470" endtime="20231015 15:01:04.498"/>
</kw>
<kw name="Run Keyword And Ignore Error" library="BuiltIn">
<var>${href_attribute}</var>
<arg>Get Element Attribute</arg>
<arg>xpath:${path_1}</arg>
<arg>href</arg>
<doc>Runs the given keyword with the given arguments and ignores possible error.</doc>
<kw name="Get Element Attribute" library="SeleniumLibrary">
<arg>xpath:${path_1}</arg>
<arg>href</arg>
<doc>Returns the value of ``attribute`` from the element ``locator``.</doc>
<status status="PASS" starttime="20231015 15:01:04.499" endtime="20231015 15:01:04.514"/>
</kw>
<msg timestamp="20231015 15:01:04.514" level="INFO">${href_attribute} = ('PASS', None)</msg>
<status status="PASS" starttime="20231015 15:01:04.498" endtime="20231015 15:01:04.515"/>
</kw>
<if>
<branch type="IF" condition="${href_attribute} == ('PASS', None)">
<kw name="Get Text" library="SeleniumLibrary">
<var>${category}</var>
<arg>${path_1}</arg>
<doc>Returns the text value of the element identified by ``locator``.</doc>
<msg timestamp="20231015 15:01:04.536" level="INFO">${category} = Kampanjat</msg>
<status status="PASS" starttime="20231015 15:01:04.516" endtime="20231015 15:01:04.536"/>
</kw>
<kw name="Append To File" library="OperatingSystem">
<arg>./1quangLuong.txt</arg>
<arg>Level 1: ${category}\n</arg>
<doc>Appends the given content to the specified file.</doc>
<msg timestamp="20231015 15:01:04.538" level="INFO" html="true">Appended to file '&lt;a href="file://D:\gitHubq\2023_Software_testing\softwareTestingGroup4\1quangLuong.txt"&gt;D:\gitHubq\2023_Software_testing\softwareTestingGroup4\1quangLuong.txt&lt;/a&gt;'.</msg>
<status status="PASS" starttime="20231015 15:01:04.537" endtime="20231015 15:01:04.539"/>
</kw>
<status status="PASS" starttime="20231015 15:01:04.515" endtime="20231015 15:01:04.539"/>
</branch>
<branch type="ELSE">
<kw name="Go To" library="SeleniumLibrary">
<arg>${URL}</arg>
<doc>Navigates the current browser window to the provided ``url``.</doc>
<status status="NOT RUN" starttime="20231015 15:01:04.540" endtime="20231015 15:01:04.540"/>
</kw>
<kw name="Click Element" library="SeleniumLibrary">
<arg>${path_1}</arg>
<doc>Click the element identified by ``locator``.</doc>
<status status="NOT RUN" starttime="20231015 15:01:04.541" endtime="20231015 15:01:04.541"/>
</kw>
<kw name="Page Should Contain Element" library="SeleniumLibrary">
<arg>xpath=//img</arg>
<doc>Verifies that element ``locator`` is found on the current page.</doc>
<status status="NOT RUN" starttime="20231015 15:01:04.542" endtime="20231015 15:01:04.542"/>
</kw>
<status status="NOT RUN" starttime="20231015 15:01:04.539" endtime="20231015 15:01:04.542"/>
</branch>
<status status="PASS" starttime="20231015 15:01:04.515" endtime="20231015 15:01:04.542"/>
</if>
<status status="PASS" starttime="20231015 15:01:04.445" endtime="20231015 15:01:04.543"/>
</iter>
<iter>
<var name="${i}">11</var>
<kw name="Set Variable" library="BuiltIn">
<var>${path_1}</var>
<arg>//*[@id="sitemegamenu"]/nav/ul/li[${i}]/a</arg>
<doc>Returns the given values which can then be assigned to a variables.</doc>
<msg timestamp="20231015 15:01:04.544" level="INFO">${path_1} = //*[@id="sitemegamenu"]/nav/ul/li[11]/a</msg>
<status status="PASS" starttime="20231015 15:01:04.543" endtime="20231015 15:01:04.545"/>
</kw>
<kw name="Run Keyword And Return Status" library="BuiltIn">
<var>${element}</var>
<arg>Element Should Be Visible</arg>
<arg>xpath:${path_1}</arg>
<doc>Runs the given keyword with given arguments and returns the status as a Boolean value.</doc>
<kw name="Element Should Be Visible" library="SeleniumLibrary">
<arg>xpath:${path_1}</arg>
<doc>Verifies that the element identified by ``locator`` is visible.</doc>
<msg timestamp="20231015 15:01:04.745" level="INFO" html="true">&lt;/td&gt;&lt;/tr&gt;&lt;tr&gt;&lt;td colspan="3"&gt;&lt;a href="1quangLuongScreenshots/selenium-screenshot-42.png"&gt;&lt;img src="1quangLuongScreenshots/selenium-screenshot-42.png" width="800px"&gt;&lt;/a&gt;</msg>
<msg timestamp="20231015 15:01:04.746" level="FAIL">Element with locator 'xpath://*[@id="sitemegamenu"]/nav/ul/li[11]/a' not found.</msg>
<status status="FAIL" starttime="20231015 15:01:04.546" endtime="20231015 15:01:04.750"/>
</kw>
<msg timestamp="20231015 15:01:04.751" level="INFO">${element} = False</msg>
<status status="PASS" starttime="20231015 15:01:04.545" endtime="20231015 15:01:04.752"/>
</kw>
<if>
<branch type="IF" condition="not ${element}">
<if>
<branch type="IF" condition="${i}&gt;1">
<break>
<status status="PASS" starttime="20231015 15:01:04.754" endtime="20231015 15:01:04.755"/>
</break>
<status status="PASS" starttime="20231015 15:01:04.754" endtime="20231015 15:01:04.756"/>
</branch>
<status status="PASS" starttime="20231015 15:01:04.754" endtime="20231015 15:01:04.756"/>
</if>
<status status="PASS" starttime="20231015 15:01:04.753" endtime="20231015 15:01:04.756"/>
</branch>
<status status="PASS" starttime="20231015 15:01:04.752" endtime="20231015 15:01:04.757"/>
</if>
<kw name="Log" library="BuiltIn">
<arg>'number of cylces: ${i}'</arg>
<doc>Logs the given message with the given level.</doc>
<status status="NOT RUN" starttime="20231015 15:01:04.757" endtime="20231015 15:01:04.758"/>
</kw>
<kw name="Run Keyword And Ignore Error" library="BuiltIn">
<arg>Element Should Be Enabled</arg>
<arg>xpath:${path_1}</arg>
<doc>Runs the given keyword with the given arguments and ignores possible error.</doc>
<status status="NOT RUN" starttime="20231015 15:01:04.758" endtime="20231015 15:01:04.758"/>
</kw>
<kw name="Run Keyword And Ignore Error" library="BuiltIn">
<var>${href_attribute}</var>
<arg>Get Element Attribute</arg>
<arg>xpath:${path_1}</arg>
<arg>href</arg>
<doc>Runs the given keyword with the given arguments and ignores possible error.</doc>
<status status="NOT RUN" starttime="20231015 15:01:04.759" endtime="20231015 15:01:04.759"/>
</kw>
<if>
<branch type="IF" condition="${href_attribute} == ('PASS', None)">
<kw name="Get Text" library="SeleniumLibrary">
<var>${category}</var>
<arg>${path_1}</arg>
<doc>Returns the text value of the element identified by ``locator``.</doc>
<status status="NOT RUN" starttime="20231015 15:01:04.759" endtime="20231015 15:01:04.761"/>
</kw>
<kw name="Append To File" library="OperatingSystem">
<arg>./1quangLuong.txt</arg>
<arg>Level 1: ${category}\n</arg>
<doc>Appends the given content to the specified file.</doc>
<status status="NOT RUN" starttime="20231015 15:01:04.761" endtime="20231015 15:01:04.761"/>
</kw>
<status status="NOT RUN" starttime="20231015 15:01:04.759" endtime="20231015 15:01:04.762"/>
</branch>
<branch type="ELSE">
<kw name="Go To" library="SeleniumLibrary">
<arg>${URL}</arg>
<doc>Navigates the current browser window to the provided ``url``.</doc>
<status status="NOT RUN" starttime="20231015 15:01:04.762" endtime="20231015 15:01:04.763"/>
</kw>
<kw name="Click Element" library="SeleniumLibrary">
<arg>${path_1}</arg>
<doc>Click the element identified by ``locator``.</doc>
<status status="NOT RUN" starttime="20231015 15:01:04.763" endtime="20231015 15:01:04.763"/>
</kw>
<kw name="Page Should Contain Element" library="SeleniumLibrary">
<arg>xpath=//img</arg>
<doc>Verifies that element ``locator`` is found on the current page.</doc>
<status status="NOT RUN" starttime="20231015 15:01:04.763" endtime="20231015 15:01:04.763"/>
</kw>
<status status="NOT RUN" starttime="20231015 15:01:04.762" endtime="20231015 15:01:04.763"/>
</branch>
<status status="NOT RUN" starttime="20231015 15:01:04.759" endtime="20231015 15:01:04.763"/>
</if>
<status status="PASS" starttime="20231015 15:01:04.543" endtime="20231015 15:01:04.765"/>
</iter>
<status status="PASS" starttime="20231015 15:00:53.785" endtime="20231015 15:01:04.765"/>
</for>
<kw name="Close Browser" library="SeleniumLibrary">
<doc>Closes the current browser.</doc>
<status status="PASS" starttime="20231015 15:01:04.765" endtime="20231015 15:01:06.877"/>
</kw>
<status status="PASS" starttime="20231015 15:00:50.057" endtime="20231015 15:01:06.879"/>
</test>
<test id="s1-t3" name="1.2 Optional - Quang Check If All Sub-Categories Have A Landing Page" line="80">
<kw name="Open Browser" library="SeleniumLibrary">
<arg>${URL}</arg>
<arg>Chrome</arg>
<arg>Chrome</arg>
<arg>options=add_experimental_option("detach", True)</arg>
<doc>Opens a new browser instance to the optional ``url``.</doc>
<msg timestamp="20231015 15:01:06.885" level="INFO">Opening browser 'Chrome' to base url 'https://www.jimms.fi/'.</msg>
<status status="PASS" starttime="20231015 15:01:06.883" endtime="20231015 15:01:10.333"/>
</kw>
<kw name="Maximize Browser Window" library="SeleniumLibrary">
<doc>Maximizes current browser window.</doc>
<status status="PASS" starttime="20231015 15:01:10.334" endtime="20231015 15:01:10.484"/>
</kw>
<for flavor="IN RANGE">
<var>${i}</var>
<value>1</value>
<value>15</value>
<iter>
<var name="${i}">1</var>
<kw name="Set Variable" library="BuiltIn">
<var>${path_1}</var>
<arg>//*[@id="sitemegamenu"]/nav/ul/li[${i}]/a</arg>
<doc>Returns the given values which can then be assigned to a variables.</doc>
<msg timestamp="20231015 15:01:10.489" level="INFO">${path_1} = //*[@id="sitemegamenu"]/nav/ul/li[1]/a</msg>
<status status="PASS" starttime="20231015 15:01:10.487" endtime="20231015 15:01:10.489"/>
</kw>
<kw name="Run Keyword And Return Status" library="BuiltIn">
<var>${element1}</var>
<arg>Element Should Be Visible</arg>
<arg>xpath:${path_1}</arg>
<doc>Runs the given keyword with given arguments and returns the status as a Boolean value.</doc>
<kw name="Element Should Be Visible" library="SeleniumLibrary">
<arg>xpath:${path_1}</arg>
<doc>Verifies that the element identified by ``locator`` is visible.</doc>
<msg timestamp="20231015 15:01:10.539" level="INFO">Element 'xpath://*[@id="sitemegamenu"]/nav/ul/li[1]/a' is displayed.</msg>
<status status="PASS" starttime="20231015 15:01:10.491" endtime="20231015 15:01:10.540"/>
</kw>
<msg timestamp="20231015 15:01:10.540" level="INFO">${element1} = True</msg>
<status status="PASS" starttime="20231015 15:01:10.490" endtime="20231015 15:01:10.540"/>
</kw>
<if>
<branch type="IF" condition="not ${element1}">
<if>
<branch type="IF" condition="${i}&gt;1">
<break>
<status status="NOT RUN" starttime="20231015 15:01:10.542" endtime="20231015 15:01:10.542"/>
</break>
<status status="NOT RUN" starttime="20231015 15:01:10.541" endtime="20231015 15:01:10.543"/>
</branch>
<status status="NOT RUN" starttime="20231015 15:01:10.541" endtime="20231015 15:01:10.543"/>
</if>
<status status="NOT RUN" starttime="20231015 15:01:10.541" endtime="20231015 15:01:10.543"/>
</branch>
<status status="PASS" starttime="20231015 15:01:10.541" endtime="20231015 15:01:10.544"/>
</if>
<kw name="Go To" library="SeleniumLibrary">
<arg>${URL}</arg>
<doc>Navigates the current browser window to the provided ``url``.</doc>
<msg timestamp="20231015 15:01:10.545" level="INFO">Opening url 'https://www.jimms.fi/'</msg>
<status status="PASS" starttime="20231015 15:01:10.544" endtime="20231015 15:01:11.020"/>
</kw>
<kw name="Click Element" library="SeleniumLibrary">
<arg>${path_1}</arg>
<doc>Click the element identified by ``locator``.</doc>
<msg timestamp="20231015 15:01:11.022" level="INFO">Clicking element '//*[@id="sitemegamenu"]/nav/ul/li[1]/a'.</msg>
<status status="PASS" starttime="20231015 15:01:11.020" endtime="20231015 15:01:11.609"/>
</kw>
<for flavor="IN RANGE">
<var>${j}</var>
<value>1</value>
<value>3</value>
<iter>
<var name="${j}">1</var>
<kw name="Set Variable" library="BuiltIn">
<var>${path_2}</var>
<arg>//*[@id="cListGroup"]/div/ul/li[${j}]/div/div/a</arg>
<doc>Returns the given values which can then be assigned to a variables.</doc>
<msg timestamp="20231015 15:01:11.612" level="INFO">${path_2} = //*[@id="cListGroup"]/div/ul/li[1]/div/div/a</msg>
<status status="PASS" starttime="20231015 15:01:11.611" endtime="20231015 15:01:11.612"/>
</kw>
<kw name="Run Keyword And Return Status" library="BuiltIn">
<var>${element2}</var>
<arg>Element Should Be Visible</arg>
<arg>xpath:${path_2}</arg>
<doc>Runs the given keyword with given arguments and returns the status as a Boolean value.</doc>
<kw name="Element Should Be Visible" library="SeleniumLibrary">
<arg>xpath:${path_2}</arg>
<doc>Verifies that the element identified by ``locator`` is visible.</doc>
<msg timestamp="20231015 15:01:11.634" level="INFO">Element 'xpath://*[@id="cListGroup"]/div/ul/li[1]/div/div/a' is displayed.</msg>
<status status="PASS" starttime="20231015 15:01:11.613" endtime="20231015 15:01:11.634"/>
</kw>
<msg timestamp="20231015 15:01:11.635" level="INFO">${element2} = True</msg>
<status status="PASS" starttime="20231015 15:01:11.612" endtime="20231015 15:01:11.635"/>
</kw>
<if>
<branch type="IF" condition="not ${element2}">
<if>
<branch type="IF" condition="${j}&gt;1">
<break>
<status status="NOT RUN" starttime="20231015 15:01:11.636" endtime="20231015 15:01:11.637"/>
</break>
<status status="NOT RUN" starttime="20231015 15:01:11.636" endtime="20231015 15:01:11.637"/>
</branch>
<status status="NOT RUN" starttime="20231015 15:01:11.636" endtime="20231015 15:01:11.637"/>
</if>
<status status="NOT RUN" starttime="20231015 15:01:11.635" endtime="20231015 15:01:11.637"/>
</branch>
<status status="PASS" starttime="20231015 15:01:11.635" endtime="20231015 15:01:11.638"/>
</if>
<kw name="Log" library="BuiltIn">
<arg>'number of cylces: ${j}'</arg>
<doc>Logs the given message with the given level.</doc>
<msg timestamp="20231015 15:01:11.639" level="INFO">'number of cylces: 1'</msg>
<status status="PASS" starttime="20231015 15:01:11.638" endtime="20231015 15:01:11.639"/>
</kw>
<kw name="Run Keyword And Ignore Error" library="BuiltIn">
<arg>Element Should Be Enabled</arg>
<arg>xpath:${path_2}</arg>
<doc>Runs the given keyword with the given arguments and ignores possible error.</doc>
<kw name="Element Should Be Enabled" library="SeleniumLibrary">
<arg>xpath:${path_2}</arg>
<doc>Verifies that element identified by ``locator`` is enabled.</doc>
<status status="PASS" starttime="20231015 15:01:11.640" endtime="20231015 15:01:11.662"/>
</kw>
<status status="PASS" starttime="20231015 15:01:11.639" endtime="20231015 15:01:11.663"/>
</kw>
<kw name="Run Keyword And Ignore Error" library="BuiltIn">
<var>${href_attribute}</var>
<arg>Get Element Attribute</arg>
<arg>xpath:${path_2}</arg>
<arg>href</arg>
<doc>Runs the given keyword with the given arguments and ignores possible error.</doc>
<kw name="Get Element Attribute" library="SeleniumLibrary">
<arg>xpath:${path_2}</arg>
<arg>href</arg>
<doc>Returns the value of ``attribute`` from the element ``locator``.</doc>
<status status="PASS" starttime="20231015 15:01:11.664" endtime="20231015 15:01:11.684"/>
</kw>
<msg timestamp="20231015 15:01:11.685" level="INFO">${href_attribute} = ('PASS', 'https://www.jimms.fi/fi/Product/List/000-0WS/tietokoneet--apple')</msg>
<status status="PASS" starttime="20231015 15:01:11.663" endtime="20231015 15:01:11.685"/>
</kw>
<if>
<branch type="IF" condition="${href_attribute} == ('PASS', None)">
<kw name="Get Text" library="SeleniumLibrary">
<var>${sub_category}</var>
<arg>${path_2}</arg>
<doc>Returns the text value of the element identified by ``locator``.</doc>
<status status="NOT RUN" starttime="20231015 15:01:11.686" endtime="20231015 15:01:11.686"/>
</kw>
<kw name="Append To File" library="OperatingSystem">
<arg>./1quangLuong.txt</arg>
<arg>Level 2: ${sub_category}\n</arg>
<doc>Appends the given content to the specified file.</doc>
<status status="NOT RUN" starttime="20231015 15:01:11.687" endtime="20231015 15:01:11.687"/>
</kw>
<status status="NOT RUN" starttime="20231015 15:01:11.685" endtime="20231015 15:01:11.688"/>
</branch>
<branch type="ELSE">
<kw name="Go To" library="SeleniumLibrary">
<arg>${URL}</arg>
<doc>Navigates the current browser window to the provided ``url``.</doc>
<msg timestamp="20231015 15:01:11.689" level="INFO">Opening url 'https://www.jimms.fi/'</msg>
<status status="PASS" starttime="20231015 15:01:11.688" endtime="20231015 15:01:12.008"/>
</kw>
<kw name="Click Element" library="SeleniumLibrary">
<arg>${path_1}</arg>
<doc>Click the element identified by ``locator``.</doc>
<msg timestamp="20231015 15:01:12.010" level="INFO">Clicking element '//*[@id="sitemegamenu"]/nav/ul/li[1]/a'.</msg>
<status status="PASS" starttime="20231015 15:01:12.009" endtime="20231015 15:01:12.379"/>
</kw>
<kw name="Run Keyword And Ignore Error" library="BuiltIn">
<arg>Click Element</arg>
<arg>${path_2}</arg>
<doc>Runs the given keyword with the given arguments and ignores possible error.</doc>
<kw name="Click Element" library="SeleniumLibrary">
<arg>${path_2}</arg>
<doc>Click the element identified by ``locator``.</doc>
<msg timestamp="20231015 15:01:12.381" level="INFO">Clicking element '//*[@id="cListGroup"]/div/ul/li[1]/div/div/a'.</msg>
<status status="PASS" starttime="20231015 15:01:12.380" endtime="20231015 15:01:12.773"/>
</kw>
<status status="PASS" starttime="20231015 15:01:12.379" endtime="20231015 15:01:12.773"/>
</kw>
<kw name="Page Should Contain Element" library="SeleniumLibrary">
<arg>xpath=//img</arg>
<doc>Verifies that element ``locator`` is found on the current page.</doc>
<msg timestamp="20231015 15:01:12.791" level="INFO">Current page contains element 'xpath=//img'.</msg>
<status status="PASS" starttime="20231015 15:01:12.774" endtime="20231015 15:01:12.791"/>
</kw>
<status status="PASS" starttime="20231015 15:01:11.688" endtime="20231015 15:01:12.792"/>
</branch>
<status status="PASS" starttime="20231015 15:01:11.685" endtime="20231015 15:01:12.792"/>
</if>
<status status="PASS" starttime="20231015 15:01:11.610" endtime="20231015 15:01:12.792"/>
</iter>
<iter>
<var name="${j}">2</var>
<kw name="Set Variable" library="BuiltIn">
<var>${path_2}</var>
<arg>//*[@id="cListGroup"]/div/ul/li[${j}]/div/div/a</arg>
<doc>Returns the given values which can then be assigned to a variables.</doc>
<msg timestamp="20231015 15:01:12.794" level="INFO">${path_2} = //*[@id="cListGroup"]/div/ul/li[2]/div/div/a</msg>
<status status="PASS" starttime="20231015 15:01:12.793" endtime="20231015 15:01:12.794"/>
</kw>
<kw name="Run Keyword And Return Status" library="BuiltIn">
<var>${element2}</var>
<arg>Element Should Be Visible</arg>
<arg>xpath:${path_2}</arg>
<doc>Runs the given keyword with given arguments and returns the status as a Boolean value.</doc>
<kw name="Element Should Be Visible" library="SeleniumLibrary">
<arg>xpath:${path_2}</arg>
<doc>Verifies that the element identified by ``locator`` is visible.</doc>
<msg timestamp="20231015 15:01:12.812" level="INFO">Element 'xpath://*[@id="cListGroup"]/div/ul/li[2]/div/div/a' is displayed.</msg>
<status status="PASS" starttime="20231015 15:01:12.795" endtime="20231015 15:01:12.813"/>
</kw>
<msg timestamp="20231015 15:01:12.813" level="INFO">${element2} = True</msg>
<status status="PASS" starttime="20231015 15:01:12.795" endtime="20231015 15:01:12.813"/>
</kw>
<if>
<branch type="IF" condition="not ${element2}">
<if>
<branch type="IF" condition="${j}&gt;1">
<break>
<status status="NOT RUN" starttime="20231015 15:01:12.815" endtime="20231015 15:01:12.815"/>
</break>
<status status="NOT RUN" starttime="20231015 15:01:12.814" endtime="20231015 15:01:12.815"/>
</branch>
<status status="NOT RUN" starttime="20231015 15:01:12.814" endtime="20231015 15:01:12.815"/>
</if>
<status status="NOT RUN" starttime="20231015 15:01:12.814" endtime="20231015 15:01:12.816"/>
</branch>
<status status="PASS" starttime="20231015 15:01:12.814" endtime="20231015 15:01:12.816"/>
</if>
<kw name="Log" library="BuiltIn">
<arg>'number of cylces: ${j}'</arg>
<doc>Logs the given message with the given level.</doc>
<msg timestamp="20231015 15:01:12.817" level="INFO">'number of cylces: 2'</msg>
<status status="PASS" starttime="20231015 15:01:12.816" endtime="20231015 15:01:12.817"/>
</kw>
<kw name="Run Keyword And Ignore Error" library="BuiltIn">
<arg>Element Should Be Enabled</arg>
<arg>xpath:${path_2}</arg>
<doc>Runs the given keyword with the given arguments and ignores possible error.</doc>
<kw name="Element Should Be Enabled" library="SeleniumLibrary">
<arg>xpath:${path_2}</arg>
<doc>Verifies that element identified by ``locator`` is enabled.</doc>
<status status="PASS" starttime="20231015 15:01:12.818" endtime="20231015 15:01:12.840"/>
</kw>
<status status="PASS" starttime="20231015 15:01:12.817" endtime="20231015 15:01:12.841"/>
</kw>
<kw name="Run Keyword And Ignore Error" library="BuiltIn">
<var>${href_attribute}</var>
<arg>Get Element Attribute</arg>
<arg>xpath:${path_2}</arg>
<arg>href</arg>
<doc>Runs the given keyword with the given arguments and ignores possible error.</doc>
<kw name="Get Element Attribute" library="SeleniumLibrary">
<arg>xpath:${path_2}</arg>
<arg>href</arg>
<doc>Returns the value of ``attribute`` from the element ``locator``.</doc>
<status status="PASS" starttime="20231015 15:01:12.842" endtime="20231015 15:01:12.857"/>
</kw>
<msg timestamp="20231015 15:01:12.858" level="INFO">${href_attribute} = ('PASS', 'https://www.jimms.fi/fi/Product/List/000-0DL/tietokoneet--jimm-s-koti-ja-tyokoneet')</msg>
<status status="PASS" starttime="20231015 15:01:12.841" endtime="20231015 15:01:12.858"/>
</kw>
<if>
<branch type="IF" condition="${href_attribute} == ('PASS', None)">
<kw name="Get Text" library="SeleniumLibrary">
<var>${sub_category}</var>
<arg>${path_2}</arg>
<doc>Returns the text value of the element identified by ``locator``.</doc>
<status status="NOT RUN" starttime="20231015 15:01:12.859" endtime="20231015 15:01:12.860"/>
</kw>
<kw name="Append To File" library="OperatingSystem">
<arg>./1quangLuong.txt</arg>
<arg>Level 2: ${sub_category}\n</arg>
<doc>Appends the given content to the specified file.</doc>
<status status="NOT RUN" starttime="20231015 15:01:12.860" endtime="20231015 15:01:12.860"/>
</kw>
<status status="NOT RUN" starttime="20231015 15:01:12.859" endtime="20231015 15:01:12.861"/>
</branch>
<branch type="ELSE">
<kw name="Go To" library="SeleniumLibrary">
<arg>${URL}</arg>
<doc>Navigates the current browser window to the provided ``url``.</doc>
<msg timestamp="20231015 15:01:12.862" level="INFO">Opening url 'https://www.jimms.fi/'</msg>
<status status="PASS" starttime="20231015 15:01:12.861" endtime="20231015 15:01:13.197"/>
</kw>
<kw name="Click Element" library="SeleniumLibrary">
<arg>${path_1}</arg>
<doc>Click the element identified by ``locator``.</doc>
<msg timestamp="20231015 15:01:13.199" level="INFO">Clicking element '//*[@id="sitemegamenu"]/nav/ul/li[1]/a'.</msg>
<status status="PASS" starttime="20231015 15:01:13.197" endtime="20231015 15:01:13.600"/>
</kw>
<kw name="Run Keyword And Ignore Error" library="BuiltIn">
<arg>Click Element</arg>
<arg>${path_2}</arg>
<doc>Runs the given keyword with the given arguments and ignores possible error.</doc>
<kw name="Click Element" library="SeleniumLibrary">
<arg>${path_2}</arg>
<doc>Click the element identified by ``locator``.</doc>
<msg timestamp="20231015 15:01:13.603" level="INFO">Clicking element '//*[@id="cListGroup"]/div/ul/li[2]/div/div/a'.</msg>
<status status="PASS" starttime="20231015 15:01:13.602" endtime="20231015 15:01:14.053"/>
</kw>
<status status="PASS" starttime="20231015 15:01:13.601" endtime="20231015 15:01:14.053"/>
</kw>
<kw name="Page Should Contain Element" library="SeleniumLibrary">
<arg>xpath=//img</arg>
<doc>Verifies that element ``locator`` is found on the current page.</doc>
<msg timestamp="20231015 15:01:14.063" level="INFO">Current page contains element 'xpath=//img'.</msg>
<status status="PASS" starttime="20231015 15:01:14.053" endtime="20231015 15:01:14.063"/>
</kw>
<status status="PASS" starttime="20231015 15:01:12.861" endtime="20231015 15:01:14.064"/>
</branch>
<status status="PASS" starttime="20231015 15:01:12.858" endtime="20231015 15:01:14.064"/>
</if>
<status status="PASS" starttime="20231015 15:01:12.793" endtime="20231015 15:01:14.064"/>
</iter>
<status status="PASS" starttime="20231015 15:01:11.609" endtime="20231015 15:01:14.064"/>
</for>
<status status="PASS" starttime="20231015 15:01:10.486" endtime="20231015 15:01:14.065"/>
</iter>
<iter>
<var name="${i}">2</var>
<kw name="Set Variable" library="BuiltIn">
<var>${path_1}</var>
<arg>//*[@id="sitemegamenu"]/nav/ul/li[${i}]/a</arg>
<doc>Returns the given values which can then be assigned to a variables.</doc>
<msg timestamp="20231015 15:01:14.067" level="INFO">${path_1} = //*[@id="sitemegamenu"]/nav/ul/li[2]/a</msg>
<status status="PASS" starttime="20231015 15:01:14.066" endtime="20231015 15:01:14.067"/>
</kw>
<kw name="Run Keyword And Return Status" library="BuiltIn">
<var>${element1}</var>
<arg>Element Should Be Visible</arg>
<arg>xpath:${path_1}</arg>
<doc>Runs the given keyword with given arguments and returns the status as a Boolean value.</doc>
<kw name="Element Should Be Visible" library="SeleniumLibrary">
<arg>xpath:${path_1}</arg>
<doc>Verifies that the element identified by ``locator`` is visible.</doc>
[...]
</if>
<status status="PASS" starttime="20231015 15:01:43.484" endtime="20231015 15:01:43.486"/>
</branch>
<status status="PASS" starttime="20231015 15:01:43.484" endtime="20231015 15:01:43.487"/>
</if>
<kw name="Log" library="BuiltIn">
<arg>'number of cylces: ${j}'</arg>
<doc>Logs the given message with the given level.</doc>
<status status="NOT RUN" starttime="20231015 15:01:43.487" endtime="20231015 15:01:43.487"/>
</kw>
<kw name="Run Keyword And Ignore Error" library="BuiltIn">
<arg>Element Should Be Enabled</arg>
<arg>xpath:${path_2}</arg>
<doc>Runs the given keyword with the given arguments and ignores possible error.</doc>
<status status="NOT RUN" starttime="20231015 15:01:43.488" endtime="20231015 15:01:43.489"/>
</kw>
<kw name="Run Keyword And Ignore Error" library="BuiltIn">
<var>${href_attribute}</var>
<arg>Get Element Attribute</arg>
<arg>xpath:${path_2}</arg>
<arg>href</arg>
<doc>Runs the given keyword with the given arguments and ignores possible error.</doc>
<status status="NOT RUN" starttime="20231015 15:01:43.489" endtime="20231015 15:01:43.489"/>
</kw>
<if>
<branch type="IF" condition="${href_attribute} == ('PASS', None)">
<kw name="Get Text" library="SeleniumLibrary">
<var>${sub_category}</var>
<arg>${path_2}</arg>
<doc>Returns the text value of the element identified by ``locator``.</doc>
<status status="NOT RUN" starttime="20231015 15:01:43.490" endtime="20231015 15:01:43.490"/>
</kw>
<kw name="Append To File" library="OperatingSystem">
<arg>./1quangLuong.txt</arg>
<arg>Level 2: ${sub_category}\n</arg>
<doc>Appends the given content to the specified file.</doc>
<status status="NOT RUN" starttime="20231015 15:01:43.491" endtime="20231015 15:01:43.491"/>
</kw>
<status status="NOT RUN" starttime="20231015 15:01:43.490" endtime="20231015 15:01:43.491"/>
</branch>
<branch type="ELSE">
<kw name="Go To" library="SeleniumLibrary">
<arg>${URL}</arg>
<doc>Navigates the current browser window to the provided ``url``.</doc>
<status status="NOT RUN" starttime="20231015 15:01:43.493" endtime="20231015 15:01:43.493"/>
</kw>
<kw name="Click Element" library="SeleniumLibrary">
<arg>${path_1}</arg>
<doc>Click the element identified by ``locator``.</doc>
<status status="NOT RUN" starttime="20231015 15:01:43.493" endtime="20231015 15:01:43.494"/>
</kw>
<kw name="Run Keyword And Ignore Error" library="BuiltIn">
<arg>Click Element</arg>
<arg>${path_2}</arg>
<doc>Runs the given keyword with the given arguments and ignores possible error.</doc>
<status status="NOT RUN" starttime="20231015 15:01:43.494" endtime="20231015 15:01:43.494"/>
</kw>
<kw name="Page Should Contain Element" library="SeleniumLibrary">
<arg>xpath=//img</arg>
<doc>Verifies that element ``locator`` is found on the current page.</doc>
<status status="NOT RUN" starttime="20231015 15:01:43.495" endtime="20231015 15:01:43.495"/>
</kw>
<status status="NOT RUN" starttime="20231015 15:01:43.491" endtime="20231015 15:01:43.495"/>
</branch>
<status status="NOT RUN" starttime="20231015 15:01:43.490" endtime="20231015 15:01:43.496"/>
</if>
<status status="PASS" starttime="20231015 15:01:43.321" endtime="20231015 15:01:43.496"/>
</iter>
<status status="PASS" starttime="20231015 15:01:42.045" endtime="20231015 15:01:43.496"/>
</for>
<status status="PASS" starttime="20231015 15:01:41.619" endtime="20231015 15:01:43.496"/>
</iter>
<iter>
<var name="${i}">11</var>
<kw name="Set Variable" library="BuiltIn">
<var>${path_1}</var>
<arg>//*[@id="sitemegamenu"]/nav/ul/li[${i}]/a</arg>
<doc>Returns the given values which can then be assigned to a variables.</doc>
<msg timestamp="20231015 15:01:43.499" level="INFO">${path_1} = //*[@id="sitemegamenu"]/nav/ul/li[11]/a</msg>
<status status="PASS" starttime="20231015 15:01:43.498" endtime="20231015 15:01:43.499"/>
</kw>
<kw name="Run Keyword And Return Status" library="BuiltIn">
<var>${element1}</var>
<arg>Element Should Be Visible</arg>
<arg>xpath:${path_1}</arg>
<doc>Runs the given keyword with given arguments and returns the status as a Boolean value.</doc>
<kw name="Element Should Be Visible" library="SeleniumLibrary">
<arg>xpath:${path_1}</arg>
<doc>Verifies that the element identified by ``locator`` is visible.</doc>
<msg timestamp="20231015 15:01:43.639" level="INFO" html="true">&lt;/td&gt;&lt;/tr&gt;&lt;tr&gt;&lt;td colspan="3"&gt;&lt;a href="1quangLuongScreenshots/selenium-screenshot-48.png"&gt;&lt;img src="1quangLuongScreenshots/selenium-screenshot-48.png" width="800px"&gt;&lt;/a&gt;</msg>
<msg timestamp="20231015 15:01:43.639" level="FAIL">Element with locator 'xpath://*[@id="sitemegamenu"]/nav/ul/li[11]/a' not found.</msg>
<status status="FAIL" starttime="20231015 15:01:43.500" endtime="20231015 15:01:43.641"/>
</kw>
<msg timestamp="20231015 15:01:43.641" level="INFO">${element1} = False</msg>
<status status="PASS" starttime="20231015 15:01:43.499" endtime="20231015 15:01:43.642"/>
</kw>
<if>
<branch type="IF" condition="not ${element1}">
<if>
<branch type="IF" condition="${i}&gt;1">
<break>
<status status="PASS" starttime="20231015 15:01:43.643" endtime="20231015 15:01:43.643"/>
</break>
<status status="PASS" starttime="20231015 15:01:43.643" endtime="20231015 15:01:43.644"/>
</branch>
<status status="PASS" starttime="20231015 15:01:43.642" endtime="20231015 15:01:43.644"/>
</if>
<status status="PASS" starttime="20231015 15:01:43.642" endtime="20231015 15:01:43.644"/>
</branch>
<status status="PASS" starttime="20231015 15:01:43.642" endtime="20231015 15:01:43.644"/>
</if>
<kw name="Go To" library="SeleniumLibrary">
<arg>${URL}</arg>
<doc>Navigates the current browser window to the provided ``url``.</doc>
<status status="NOT RUN" starttime="20231015 15:01:43.645" endtime="20231015 15:01:43.645"/>
</kw>
<kw name="Click Element" library="SeleniumLibrary">
<arg>${path_1}</arg>
<doc>Click the element identified by ``locator``.</doc>
<status status="NOT RUN" starttime="20231015 15:01:43.645" endtime="20231015 15:01:43.646"/>
</kw>
<for flavor="IN RANGE">
<var>${j}</var>
<value>1</value>
<value>3</value>
<iter>
<var name="${j}"/>
<kw name="Set Variable" library="BuiltIn">
<var>${path_2}</var>
<arg>//*[@id="cListGroup"]/div/ul/li[${j}]/div/div/a</arg>
<doc>Returns the given values which can then be assigned to a variables.</doc>
<status status="NOT RUN" starttime="20231015 15:01:43.647" endtime="20231015 15:01:43.647"/>
</kw>
<kw name="Run Keyword And Return Status" library="BuiltIn">
<var>${element2}</var>
<arg>Element Should Be Visible</arg>
<arg>xpath:${path_2}</arg>
<doc>Runs the given keyword with given arguments and returns the status as a Boolean value.</doc>
<status status="NOT RUN" starttime="20231015 15:01:43.648" endtime="20231015 15:01:43.648"/>
</kw>
<if>
<branch type="IF" condition="not ${element2}">
<if>
<branch type="IF" condition="${j}&gt;1">
<break>
<status status="NOT RUN" starttime="20231015 15:01:43.649" endtime="20231015 15:01:43.650"/>
</break>
<status status="NOT RUN" starttime="20231015 15:01:43.649" endtime="20231015 15:01:43.650"/>
</branch>
<status status="NOT RUN" starttime="20231015 15:01:43.649" endtime="20231015 15:01:43.650"/>
</if>
<status status="NOT RUN" starttime="20231015 15:01:43.649" endtime="20231015 15:01:43.650"/>
</branch>
<status status="NOT RUN" starttime="20231015 15:01:43.648" endtime="20231015 15:01:43.650"/>
</if>
<kw name="Log" library="BuiltIn">
<arg>'number of cylces: ${j}'</arg>
<doc>Logs the given message with the given level.</doc>
<status status="NOT RUN" starttime="20231015 15:01:43.651" endtime="20231015 15:01:43.651"/>
</kw>
<kw name="Run Keyword And Ignore Error" library="BuiltIn">
<arg>Element Should Be Enabled</arg>
<arg>xpath:${path_2}</arg>
<doc>Runs the given keyword with the given arguments and ignores possible error.</doc>
<status status="NOT RUN" starttime="20231015 15:01:43.651" endtime="20231015 15:01:43.652"/>
</kw>
<kw name="Run Keyword And Ignore Error" library="BuiltIn">
<var>${href_attribute}</var>
<arg>Get Element Attribute</arg>
<arg>xpath:${path_2}</arg>
<arg>href</arg>
<doc>Runs the given keyword with the given arguments and ignores possible error.</doc>
<status status="NOT RUN" starttime="20231015 15:01:43.652" endtime="20231015 15:01:43.652"/>
</kw>
<if>
<branch type="IF" condition="${href_attribute} == ('PASS', None)">
<kw name="Get Text" library="SeleniumLibrary">
<var>${sub_category}</var>
<arg>${path_2}</arg>
<doc>Returns the text value of the element identified by ``locator``.</doc>
<status status="NOT RUN" starttime="20231015 15:01:43.654" endtime="20231015 15:01:43.654"/>
</kw>
<kw name="Append To File" library="OperatingSystem">
<arg>./1quangLuong.txt</arg>
<arg>Level 2: ${sub_category}\n</arg>
<doc>Appends the given content to the specified file.</doc>
<status status="NOT RUN" starttime="20231015 15:01:43.655" endtime="20231015 15:01:43.655"/>
</kw>
<status status="NOT RUN" starttime="20231015 15:01:43.653" endtime="20231015 15:01:43.655"/>
</branch>
<branch type="ELSE">
<kw name="Go To" library="SeleniumLibrary">
<arg>${URL}</arg>
<doc>Navigates the current browser window to the provided ``url``.</doc>
<status status="NOT RUN" starttime="20231015 15:01:43.656" endtime="20231015 15:01:43.656"/>
</kw>
<kw name="Click Element" library="SeleniumLibrary">
<arg>${path_1}</arg>
<doc>Click the element identified by ``locator``.</doc>
<status status="NOT RUN" starttime="20231015 15:01:43.657" endtime="20231015 15:01:43.657"/>
</kw>
<kw name="Run Keyword And Ignore Error" library="BuiltIn">
<arg>Click Element</arg>
<arg>${path_2}</arg>
<doc>Runs the given keyword with the given arguments and ignores possible error.</doc>
<status status="NOT RUN" starttime="20231015 15:01:43.657" endtime="20231015 15:01:43.658"/>
</kw>
<kw name="Page Should Contain Element" library="SeleniumLibrary">
<arg>xpath=//img</arg>
<doc>Verifies that element ``locator`` is found on the current page.</doc>
<status status="NOT RUN" starttime="20231015 15:01:43.658" endtime="20231015 15:01:43.659"/>
</kw>
<status status="NOT RUN" starttime="20231015 15:01:43.656" endtime="20231015 15:01:43.659"/>
</branch>
<status status="NOT RUN" starttime="20231015 15:01:43.653" endtime="20231015 15:01:43.659"/>
</if>
<status status="NOT RUN" starttime="20231015 15:01:43.646" endtime="20231015 15:01:43.659"/>
</iter>
<status status="NOT RUN" starttime="20231015 15:01:43.646" endtime="20231015 15:01:43.660"/>
</for>
<status status="PASS" starttime="20231015 15:01:43.497" endtime="20231015 15:01:43.660"/>
</iter>
<status status="PASS" starttime="20231015 15:01:10.485" endtime="20231015 15:01:43.661"/>
</for>
<kw name="Close Browser" library="SeleniumLibrary">
<doc>Closes the current browser.</doc>
<status status="PASS" starttime="20231015 15:01:43.662" endtime="20231015 15:01:45.776"/>
</kw>
<status status="PASS" starttime="20231015 15:01:06.881" endtime="20231015 15:01:45.777"/>
</test>
<test id="s1-t4" name="Open Jimms" line="137">
<kw name="Open Browser" library="SeleniumLibrary">
<arg>${URL}</arg>
<arg>Chrome</arg>
<arg>Chrome</arg>
<arg>options=add_experimental_option("detach", True)</arg>
<doc>Opens a new browser instance to the optional ``url``.</doc>
<msg timestamp="20231015 15:01:45.785" level="INFO">Opening browser 'Chrome' to base url 'https://www.jimms.fi/'.</msg>
<status status="PASS" starttime="20231015 15:01:45.783" endtime="20231015 15:01:53.123"/>
</kw>
<kw name="Maximize Browser Window" library="SeleniumLibrary">
<doc>Maximizes current browser window.</doc>
<status status="PASS" starttime="20231015 15:01:53.124" endtime="20231015 15:01:53.294"/>
</kw>
<status status="PASS" starttime="20231015 15:01:45.779" endtime="20231015 15:01:53.295"/>
</test>
<test id="s1-t5" name="Search Feature On Main Page" line="142">
<kw name="Click Element" library="SeleniumLibrary">
<arg>id=searchinput</arg>
<doc>Click the element identified by ``locator``.</doc>
<msg timestamp="20231015 15:01:53.301" level="INFO">Clicking element 'id=searchinput'.</msg>
<status status="PASS" starttime="20231015 15:01:53.300" endtime="20231015 15:01:53.464"/>
</kw>
<kw name="Input Text" library="SeleniumLibrary">
<arg>id=searchinput</arg>
<arg>${KEYWORD_N}</arg>
<doc>Types the given ``text`` into the text field identified by ``locator``.</doc>
<msg timestamp="20231015 15:01:53.466" level="INFO">Typing text 'ps5' into text field 'id=searchinput'.</msg>
<status status="PASS" starttime="20231015 15:01:53.465" endtime="20231015 15:01:53.516"/>
</kw>
<kw name="Press Keys" library="SeleniumLibrary">
<arg>id=searchinput</arg>
<arg>RETURN</arg>
<doc>Simulates the user pressing key(s) to an element or on the active browser.</doc>
<msg timestamp="20231015 15:01:53.519" level="INFO">Sending key(s) ('RETURN',) to id=searchinput element.</msg>
<msg timestamp="20231015 15:01:53.801" level="INFO">Pressing special key RETURN to element.</msg>
<msg timestamp="20231015 15:01:53.802" level="INFO">Releasing special key RETURN.</msg>
<status status="PASS" starttime="20231015 15:01:53.516" endtime="20231015 15:01:54.641"/>
</kw>
<kw name="Sleep" library="BuiltIn">
<arg>10s</arg>
<doc>Pauses the test executed for the given time.</doc>
<msg timestamp="20231015 15:02:04.643" level="INFO">Slept 10 seconds</msg>
<status status="PASS" starttime="20231015 15:01:54.642" endtime="20231015 15:02:04.643"/>
</kw>
<status status="PASS" starttime="20231015 15:01:53.298" endtime="20231015 15:02:04.644"/>
</test>
<test id="s1-t6" name="Take ScreenShot of Product Page" line="148">
<kw name="Capture Page Screenshot" library="SeleniumLibrary">
<arg>screenshot.png</arg>
<doc>Takes a screenshot of the current page and embeds it into a log file.</doc>
<msg timestamp="20231015 15:02:04.770" level="INFO" html="true">&lt;/td&gt;&lt;/tr&gt;&lt;tr&gt;&lt;td colspan="3"&gt;&lt;a href="1quangLuongScreenshots/screenshot.png"&gt;&lt;img src="1quangLuongScreenshots/screenshot.png" width="800px"&gt;&lt;/a&gt;</msg>
<status status="PASS" starttime="20231015 15:02:04.648" endtime="20231015 15:02:04.770"/>
</kw>
<status status="PASS" starttime="20231015 15:02:04.647" endtime="20231015 15:02:04.771"/>
</test>
<test id="s1-t7" name="Match keyword" line="151">
<kw name="Run Keyword And Ignore Error" library="BuiltIn">
<arg>Page Should Contain</arg>
<arg>${KEYWORD_N}</arg>
<doc>Runs the given keyword with the given arguments and ignores possible error.</doc>
<kw name="Page Should Contain" library="SeleniumLibrary">
<arg>${KEYWORD_N}</arg>
<doc>Verifies that current page contains ``text``.</doc>
<msg timestamp="20231015 15:02:04.802" level="INFO">Current page contains text 'ps5'.</msg>
<status status="PASS" starttime="20231015 15:02:04.776" endtime="20231015 15:02:04.802"/>
</kw>
<status status="PASS" starttime="20231015 15:02:04.775" endtime="20231015 15:02:04.803"/>
</kw>
<status status="PASS" starttime="20231015 15:02:04.774" endtime="20231015 15:02:04.804"/>
</test>
<test id="s1-t8" name="Return Home" line="155">
<kw name="Click Image" library="SeleniumLibrary">
<arg>xpath://html/body/header/div/div[2]/div/a/picture/img</arg>
<doc>Clicks an image identified by ``locator``.</doc>
<msg timestamp="20231015 15:02:04.809" level="INFO">Clicking image 'xpath://html/body/header/div/div[2]/div/a/picture/img'.</msg>
<status status="PASS" starttime="20231015 15:02:04.808" endtime="20231015 15:02:05.243"/>
</kw>
<status status="PASS" starttime="20231015 15:02:04.805" endtime="20231015 15:02:05.244"/>
</test>
<test id="s1-t9" name="Search For Product" line="158">
<kw name="Click Element" library="SeleniumLibrary">
<arg>id=searchinput</arg>
<doc>Click the element identified by ``locator``.</doc>
<msg timestamp="20231015 15:02:05.249" level="INFO">Clicking element 'id=searchinput'.</msg>
<status status="PASS" starttime="20231015 15:02:05.248" endtime="20231015 15:02:05.305"/>
</kw>
<kw name="Input Text" library="SeleniumLibrary">
<arg>id=searchinput</arg>
<arg>${PRODUCT_N}</arg>
<doc>Types the given ``text`` into the text field identified by ``locator``.</doc>
<msg timestamp="20231015 15:02:05.308" level="INFO">Typing text 'graphics processor' into text field 'id=searchinput'.</msg>
<status status="PASS" starttime="20231015 15:02:05.306" endtime="20231015 15:02:05.381"/>
</kw>
<kw name="Press Keys" library="SeleniumLibrary">
<arg>id=searchinput</arg>
<arg>RETURN</arg>
<doc>Simulates the user pressing key(s) to an element or on the active browser.</doc>
<msg timestamp="20231015 15:02:05.384" level="INFO">Sending key(s) ('RETURN',) to id=searchinput element.</msg>
<msg timestamp="20231015 15:02:05.660" level="INFO">Pressing special key RETURN to element.</msg>
<msg timestamp="20231015 15:02:05.661" level="INFO">Releasing special key RETURN.</msg>
<status status="PASS" starttime="20231015 15:02:05.382" endtime="20231015 15:02:06.151"/>
</kw>
<status status="PASS" starttime="20231015 15:02:05.246" endtime="20231015 15:02:06.153"/>
</test>
<test id="s1-t10" name="Click on the first search result" line="163">
<kw name="Click Element" library="SeleniumLibrary">
<arg>xpath:/html/body/main/div[2]/div/div[2]/div[5]/div/div[1]/product-box/div[2]/div[2]/h5/a/b</arg>
<doc>Click the element identified by ``locator``.</doc>
<msg timestamp="20231015 15:02:06.159" level="INFO">Clicking element 'xpath:/html/body/main/div[2]/div/div[2]/div[5]/div/div[1]/product-box/div[2]/div[2]/h5/a/b'.</msg>
<status status="PASS" starttime="20231015 15:02:06.157" endtime="20231015 15:02:06.776"/>
</kw>
<kw name="Sleep" library="BuiltIn">
<arg>10s</arg>
<doc>Pauses the test executed for the given time.</doc>
<msg timestamp="20231015 15:02:16.779" level="INFO">Slept 10 seconds</msg>
<status status="PASS" starttime="20231015 15:02:06.777" endtime="20231015 15:02:16.780"/>
</kw>
<status status="PASS" starttime="20231015 15:02:06.154" endtime="20231015 15:02:16.781"/>
</test>
<test id="s1-t11" name="Add Product to cart" line="167">
<kw name="Click Element" library="SeleniumLibrary">
<arg>xpath://html/body/main/div[1]/div[2]/div/jim-product-cta-box/div/div[3]/div[2]/addto-cart-wrapper/div/a</arg>
<doc>Click the element identified by ``locator``.</doc>
<msg timestamp="20231015 15:02:16.786" level="INFO">Clicking element 'xpath://html/body/main/div[1]/div[2]/div/jim-product-cta-box/div/div[3]/div[2]/addto-cart-wrapper/div/a'.</msg>
<status status="PASS" starttime="20231015 15:02:16.784" endtime="20231015 15:02:16.841"/>
</kw>
<status status="PASS" starttime="20231015 15:02:16.783" endtime="20231015 15:02:16.843"/>
</test>
<test id="s1-t12" name="Open Cart and Take ScreenShot" line="171">
<kw name="Click Element" library="SeleniumLibrary">
<arg>xpath://html/body/header/div/div[3]/jim-cart-dropdown/div/a</arg>
<doc>Click the element identified by ``locator``.</doc>
<msg timestamp="20231015 15:02:16.849" level="INFO">Clicking element 'xpath://html/body/header/div/div[3]/jim-cart-dropdown/div/a'.</msg>
<status status="PASS" starttime="20231015 15:02:16.847" endtime="20231015 15:02:17.539"/>
</kw>
<kw name="Capture Page Screenshot" library="SeleniumLibrary">
<arg>screenshot2.png</arg>
<doc>Takes a screenshot of the current page and embeds it into a log file.</doc>
<msg timestamp="20231015 15:02:17.640" level="INFO" html="true">&lt;/td&gt;&lt;/tr&gt;&lt;tr&gt;&lt;td colspan="3"&gt;&lt;a href="1quangLuongScreenshots/screenshot2.png"&gt;&lt;img src="1quangLuongScreenshots/screenshot2.png" width="800px"&gt;&lt;/a&gt;</msg>
<status status="PASS" starttime="20231015 15:02:17.540" endtime="20231015 15:02:17.640"/>
</kw>
<kw name="Close Browser" library="SeleniumLibrary">
<doc>Closes the current browser.</doc>
<status status="PASS" starttime="20231015 15:02:17.641" endtime="20231015 15:02:19.761"/>
</kw>
<status status="PASS" starttime="20231015 15:02:16.846" endtime="20231015 15:02:19.762"/>
</test>
<status status="PASS" starttime="20231015 15:00:49.664" endtime="20231015 15:02:19.765"/>
</suite>
<statistics>
<total>
<stat pass="12" fail="0" skip="0">All Tests</stat>
</total>
<tag>
</tag>
<suite>
<stat pass="12" fail="0" skip="0" id="s1" name="Group4">Group4</stat>
</suite>
</statistics>
<errors>
</errors>
</robot>
